{"numFailedTestSuites":5,"numFailedTests":21,"numPassedTestSuites":1,"numPassedTests":29,"numPendingTestSuites":0,"numPendingTests":0,"numRuntimeErrorTestSuites":2,"numTodoTests":0,"numTotalTestSuites":6,"numTotalTests":50,"openHandles":[],"snapshot":{"added":0,"didUpdate":false,"failure":false,"filesAdded":0,"filesRemoved":0,"filesRemovedList":[],"filesUnmatched":0,"filesUpdated":0,"matched":0,"total":0,"unchecked":0,"uncheckedKeysByFile":[],"unmatched":0,"updated":0},"startTime":1764456357851,"success":false,"testResults":[{"assertionResults":[{"ancestorTitles":["Clientes Schema - Validaciones","validarCliente"],"duration":3,"failing":false,"failureDetails":[],"failureMessages":[],"fullName":"Clientes Schema - Validaciones validarCliente ✅ debe validar cliente válido completo","invocations":1,"location":null,"numPassingAsserts":4,"retryReasons":[],"startAt":1764456359028,"status":"passed","title":"✅ debe validar cliente válido completo"},{"ancestorTitles":["Clientes Schema - Validaciones","validarCliente"],"duration":2,"failing":false,"failureDetails":[],"failureMessages":[],"fullName":"Clientes Schema - Validaciones validarCliente ❌ debe rechazar nombre demasiado corto","invocations":1,"location":null,"numPassingAsserts":3,"retryReasons":[],"startAt":1764456359032,"status":"passed","title":"❌ debe rechazar nombre demasiado corto"},{"ancestorTitles":["Clientes Schema - Validaciones","validarCliente"],"duration":1,"failing":false,"failureDetails":[],"failureMessages":[],"fullName":"Clientes Schema - Validaciones validarCliente ❌ debe rechazar nombre demasiado largo","invocations":1,"location":null,"numPassingAsserts":1,"retryReasons":[],"startAt":1764456359034,"status":"passed","title":"❌ debe rechazar nombre demasiado largo"},{"ancestorTitles":["Clientes Schema - Validaciones","validarCliente"],"duration":1,"failing":false,"failureDetails":[],"failureMessages":[],"fullName":"Clientes Schema - Validaciones validarCliente ❌ debe rechazar email inválido","invocations":1,"location":null,"numPassingAsserts":3,"retryReasons":[],"startAt":1764456359035,"status":"passed","title":"❌ debe rechazar email inválido"},{"ancestorTitles":["Clientes Schema - Validaciones","validarCliente"],"duration":2,"failing":false,"failureDetails":[{"matcherResult":{"actual":true,"expected":false,"message":"expect(received).toBe(expected) // Object.is equality\n\nExpected: false\nReceived: true","name":"toBe","pass":false}}],"failureMessages":["Error: expect(received).toBe(expected) // Object.is equality\n\nExpected: false\nReceived: true\n    at Object.<anonymous> (/workspaces/v0-crypto-dashboard-design/__tests__/schemas/clientes.test.ts:100:30)\n    at Promise.finally.completed (/workspaces/v0-crypto-dashboard-design/node_modules/.pnpm/jest-circus@30.2.0/node_modules/jest-circus/build/jestAdapterInit.js:1557:28)\n    at new Promise (<anonymous>)\n    at callAsyncCircusFn (/workspaces/v0-crypto-dashboard-design/node_modules/.pnpm/jest-circus@30.2.0/node_modules/jest-circus/build/jestAdapterInit.js:1497:10)\n    at _callCircusTest (/workspaces/v0-crypto-dashboard-design/node_modules/.pnpm/jest-circus@30.2.0/node_modules/jest-circus/build/jestAdapterInit.js:1007:40)\n    at processTicksAndRejections (node:internal/process/task_queues:105:5)\n    at _runTest (/workspaces/v0-crypto-dashboard-design/node_modules/.pnpm/jest-circus@30.2.0/node_modules/jest-circus/build/jestAdapterInit.js:947:3)\n    at /workspaces/v0-crypto-dashboard-design/node_modules/.pnpm/jest-circus@30.2.0/node_modules/jest-circus/build/jestAdapterInit.js:849:7\n    at _runTestsForDescribeBlock (/workspaces/v0-crypto-dashboard-design/node_modules/.pnpm/jest-circus@30.2.0/node_modules/jest-circus/build/jestAdapterInit.js:862:11)\n    at _runTestsForDescribeBlock (/workspaces/v0-crypto-dashboard-design/node_modules/.pnpm/jest-circus@30.2.0/node_modules/jest-circus/build/jestAdapterInit.js:857:11)\n    at _runTestsForDescribeBlock (/workspaces/v0-crypto-dashboard-design/node_modules/.pnpm/jest-circus@30.2.0/node_modules/jest-circus/build/jestAdapterInit.js:857:11)\n    at run (/workspaces/v0-crypto-dashboard-design/node_modules/.pnpm/jest-circus@30.2.0/node_modules/jest-circus/build/jestAdapterInit.js:761:3)\n    at runAndTransformResultsToJestFormat (/workspaces/v0-crypto-dashboard-design/node_modules/.pnpm/jest-circus@30.2.0/node_modules/jest-circus/build/jestAdapterInit.js:1918:21)\n    at jestAdapter (/workspaces/v0-crypto-dashboard-design/node_modules/.pnpm/jest-circus@30.2.0/node_modules/jest-circus/build/runner.js:101:19)\n    at runTestInternal (/workspaces/v0-crypto-dashboard-design/node_modules/.pnpm/jest-runner@30.2.0/node_modules/jest-runner/build/index.js:275:16)\n    at runTest (/workspaces/v0-crypto-dashboard-design/node_modules/.pnpm/jest-runner@30.2.0/node_modules/jest-runner/build/index.js:343:7)"],"fullName":"Clientes Schema - Validaciones validarCliente ❌ debe rechazar teléfono inválido (menos de 10 dígitos)","invocations":1,"location":null,"numPassingAsserts":0,"retryReasons":[],"startAt":1764456359036,"status":"failed","title":"❌ debe rechazar teléfono inválido (menos de 10 dígitos)"},{"ancestorTitles":["Clientes Schema - Validaciones","validarCliente"],"duration":1,"failing":false,"failureDetails":[],"failureMessages":[],"fullName":"Clientes Schema - Validaciones validarCliente ❌ debe rechazar teléfono con letras","invocations":1,"location":null,"numPassingAsserts":1,"retryReasons":[],"startAt":1764456359047,"status":"passed","title":"❌ debe rechazar teléfono con letras"},{"ancestorTitles":["Clientes Schema - Validaciones","validarCliente"],"duration":1,"failing":false,"failureDetails":[],"failureMessages":[],"fullName":"Clientes Schema - Validaciones validarCliente ✅ debe aceptar totalComprado = 0","invocations":1,"location":null,"numPassingAsserts":1,"retryReasons":[],"startAt":1764456359048,"status":"passed","title":"✅ debe aceptar totalComprado = 0"},{"ancestorTitles":["Clientes Schema - Validaciones","validarCliente"],"duration":0,"failing":false,"failureDetails":[{"matcherResult":{"actual":true,"expected":false,"message":"expect(received).toBe(expected) // Object.is equality\n\nExpected: false\nReceived: true","name":"toBe","pass":false}}],"failureMessages":["Error: expect(received).toBe(expected) // Object.is equality\n\nExpected: false\nReceived: true\n    at Object.<anonymous> (/workspaces/v0-crypto-dashboard-design/__tests__/schemas/clientes.test.ts:143:30)\n    at Promise.finally.completed (/workspaces/v0-crypto-dashboard-design/node_modules/.pnpm/jest-circus@30.2.0/node_modules/jest-circus/build/jestAdapterInit.js:1557:28)\n    at new Promise (<anonymous>)\n    at callAsyncCircusFn (/workspaces/v0-crypto-dashboard-design/node_modules/.pnpm/jest-circus@30.2.0/node_modules/jest-circus/build/jestAdapterInit.js:1497:10)\n    at _callCircusTest (/workspaces/v0-crypto-dashboard-design/node_modules/.pnpm/jest-circus@30.2.0/node_modules/jest-circus/build/jestAdapterInit.js:1007:40)\n    at processTicksAndRejections (node:internal/process/task_queues:105:5)\n    at _runTest (/workspaces/v0-crypto-dashboard-design/node_modules/.pnpm/jest-circus@30.2.0/node_modules/jest-circus/build/jestAdapterInit.js:947:3)\n    at /workspaces/v0-crypto-dashboard-design/node_modules/.pnpm/jest-circus@30.2.0/node_modules/jest-circus/build/jestAdapterInit.js:849:7\n    at _runTestsForDescribeBlock (/workspaces/v0-crypto-dashboard-design/node_modules/.pnpm/jest-circus@30.2.0/node_modules/jest-circus/build/jestAdapterInit.js:862:11)\n    at _runTestsForDescribeBlock (/workspaces/v0-crypto-dashboard-design/node_modules/.pnpm/jest-circus@30.2.0/node_modules/jest-circus/build/jestAdapterInit.js:857:11)\n    at _runTestsForDescribeBlock (/workspaces/v0-crypto-dashboard-design/node_modules/.pnpm/jest-circus@30.2.0/node_modules/jest-circus/build/jestAdapterInit.js:857:11)\n    at run (/workspaces/v0-crypto-dashboard-design/node_modules/.pnpm/jest-circus@30.2.0/node_modules/jest-circus/build/jestAdapterInit.js:761:3)\n    at runAndTransformResultsToJestFormat (/workspaces/v0-crypto-dashboard-design/node_modules/.pnpm/jest-circus@30.2.0/node_modules/jest-circus/build/jestAdapterInit.js:1918:21)\n    at jestAdapter (/workspaces/v0-crypto-dashboard-design/node_modules/.pnpm/jest-circus@30.2.0/node_modules/jest-circus/build/runner.js:101:19)\n    at runTestInternal (/workspaces/v0-crypto-dashboard-design/node_modules/.pnpm/jest-runner@30.2.0/node_modules/jest-runner/build/index.js:275:16)\n    at runTest (/workspaces/v0-crypto-dashboard-design/node_modules/.pnpm/jest-runner@30.2.0/node_modules/jest-runner/build/index.js:343:7)"],"fullName":"Clientes Schema - Validaciones validarCliente ❌ debe rechazar totalComprado negativo","invocations":1,"location":null,"numPassingAsserts":0,"retryReasons":[],"startAt":1764456359049,"status":"failed","title":"❌ debe rechazar totalComprado negativo"},{"ancestorTitles":["Clientes Schema - Validaciones","validarCliente"],"duration":1,"failing":false,"failureDetails":[{"matcherResult":{"actual":true,"expected":false,"message":"expect(received).toBe(expected) // Object.is equality\n\nExpected: false\nReceived: true","name":"toBe","pass":false}}],"failureMessages":["Error: expect(received).toBe(expected) // Object.is equality\n\nExpected: false\nReceived: true\n    at Object.<anonymous> (/workspaces/v0-crypto-dashboard-design/__tests__/schemas/clientes.test.ts:156:30)\n    at Promise.finally.completed (/workspaces/v0-crypto-dashboard-design/node_modules/.pnpm/jest-circus@30.2.0/node_modules/jest-circus/build/jestAdapterInit.js:1557:28)\n    at new Promise (<anonymous>)\n    at callAsyncCircusFn (/workspaces/v0-crypto-dashboard-design/node_modules/.pnpm/jest-circus@30.2.0/node_modules/jest-circus/build/jestAdapterInit.js:1497:10)\n    at _callCircusTest (/workspaces/v0-crypto-dashboard-design/node_modules/.pnpm/jest-circus@30.2.0/node_modules/jest-circus/build/jestAdapterInit.js:1007:40)\n    at processTicksAndRejections (node:internal/process/task_queues:105:5)\n    at _runTest (/workspaces/v0-crypto-dashboard-design/node_modules/.pnpm/jest-circus@30.2.0/node_modules/jest-circus/build/jestAdapterInit.js:947:3)\n    at /workspaces/v0-crypto-dashboard-design/node_modules/.pnpm/jest-circus@30.2.0/node_modules/jest-circus/build/jestAdapterInit.js:849:7\n    at _runTestsForDescribeBlock (/workspaces/v0-crypto-dashboard-design/node_modules/.pnpm/jest-circus@30.2.0/node_modules/jest-circus/build/jestAdapterInit.js:862:11)\n    at _runTestsForDescribeBlock (/workspaces/v0-crypto-dashboard-design/node_modules/.pnpm/jest-circus@30.2.0/node_modules/jest-circus/build/jestAdapterInit.js:857:11)\n    at _runTestsForDescribeBlock (/workspaces/v0-crypto-dashboard-design/node_modules/.pnpm/jest-circus@30.2.0/node_modules/jest-circus/build/jestAdapterInit.js:857:11)\n    at run (/workspaces/v0-crypto-dashboard-design/node_modules/.pnpm/jest-circus@30.2.0/node_modules/jest-circus/build/jestAdapterInit.js:761:3)\n    at runAndTransformResultsToJestFormat (/workspaces/v0-crypto-dashboard-design/node_modules/.pnpm/jest-circus@30.2.0/node_modules/jest-circus/build/jestAdapterInit.js:1918:21)\n    at jestAdapter (/workspaces/v0-crypto-dashboard-design/node_modules/.pnpm/jest-circus@30.2.0/node_modules/jest-circus/build/runner.js:101:19)\n    at runTestInternal (/workspaces/v0-crypto-dashboard-design/node_modules/.pnpm/jest-runner@30.2.0/node_modules/jest-runner/build/index.js:275:16)\n    at runTest (/workspaces/v0-crypto-dashboard-design/node_modules/.pnpm/jest-runner@30.2.0/node_modules/jest-runner/build/index.js:343:7)"],"fullName":"Clientes Schema - Validaciones validarCliente ❌ debe rechazar saldoPendiente negativo","invocations":1,"location":null,"numPassingAsserts":0,"retryReasons":[],"startAt":1764456359050,"status":"failed","title":"❌ debe rechazar saldoPendiente negativo"},{"ancestorTitles":["Clientes Schema - Validaciones","validarActualizacionCliente"],"duration":1,"failing":false,"failureDetails":[],"failureMessages":[],"fullName":"Clientes Schema - Validaciones validarActualizacionCliente ✅ debe validar actualización de solo nombre","invocations":1,"location":null,"numPassingAsserts":2,"retryReasons":[],"startAt":1764456359051,"status":"passed","title":"✅ debe validar actualización de solo nombre"},{"ancestorTitles":["Clientes Schema - Validaciones","validarActualizacionCliente"],"duration":1,"failing":false,"failureDetails":[],"failureMessages":[],"fullName":"Clientes Schema - Validaciones validarActualizacionCliente ✅ debe validar actualización de solo email","invocations":1,"location":null,"numPassingAsserts":1,"retryReasons":[],"startAt":1764456359052,"status":"passed","title":"✅ debe validar actualización de solo email"},{"ancestorTitles":["Clientes Schema - Validaciones","validarActualizacionCliente"],"duration":0,"failing":false,"failureDetails":[],"failureMessages":[],"fullName":"Clientes Schema - Validaciones validarActualizacionCliente ✅ debe validar actualización de múltiples campos","invocations":1,"location":null,"numPassingAsserts":3,"retryReasons":[],"startAt":1764456359053,"status":"passed","title":"✅ debe validar actualización de múltiples campos"},{"ancestorTitles":["Clientes Schema - Validaciones","validarActualizacionCliente"],"duration":1,"failing":false,"failureDetails":[],"failureMessages":[],"fullName":"Clientes Schema - Validaciones validarActualizacionCliente ❌ debe rechazar actualización con email inválido","invocations":1,"location":null,"numPassingAsserts":1,"retryReasons":[],"startAt":1764456359053,"status":"passed","title":"❌ debe rechazar actualización con email inválido"},{"ancestorTitles":["Clientes Schema - Validaciones","validarActualizacionCliente"],"duration":0,"failing":false,"failureDetails":[{"matcherResult":{"actual":true,"expected":false,"message":"expect(received).toBe(expected) // Object.is equality\n\nExpected: false\nReceived: true","name":"toBe","pass":false}}],"failureMessages":["Error: expect(received).toBe(expected) // Object.is equality\n\nExpected: false\nReceived: true\n    at Object.<anonymous> (/workspaces/v0-crypto-dashboard-design/__tests__/schemas/clientes.test.ts:222:30)\n    at Promise.finally.completed (/workspaces/v0-crypto-dashboard-design/node_modules/.pnpm/jest-circus@30.2.0/node_modules/jest-circus/build/jestAdapterInit.js:1557:28)\n    at new Promise (<anonymous>)\n    at callAsyncCircusFn (/workspaces/v0-crypto-dashboard-design/node_modules/.pnpm/jest-circus@30.2.0/node_modules/jest-circus/build/jestAdapterInit.js:1497:10)\n    at _callCircusTest (/workspaces/v0-crypto-dashboard-design/node_modules/.pnpm/jest-circus@30.2.0/node_modules/jest-circus/build/jestAdapterInit.js:1007:40)\n    at processTicksAndRejections (node:internal/process/task_queues:105:5)\n    at _runTest (/workspaces/v0-crypto-dashboard-design/node_modules/.pnpm/jest-circus@30.2.0/node_modules/jest-circus/build/jestAdapterInit.js:947:3)\n    at /workspaces/v0-crypto-dashboard-design/node_modules/.pnpm/jest-circus@30.2.0/node_modules/jest-circus/build/jestAdapterInit.js:849:7\n    at _runTestsForDescribeBlock (/workspaces/v0-crypto-dashboard-design/node_modules/.pnpm/jest-circus@30.2.0/node_modules/jest-circus/build/jestAdapterInit.js:862:11)\n    at _runTestsForDescribeBlock (/workspaces/v0-crypto-dashboard-design/node_modules/.pnpm/jest-circus@30.2.0/node_modules/jest-circus/build/jestAdapterInit.js:857:11)\n    at _runTestsForDescribeBlock (/workspaces/v0-crypto-dashboard-design/node_modules/.pnpm/jest-circus@30.2.0/node_modules/jest-circus/build/jestAdapterInit.js:857:11)\n    at run (/workspaces/v0-crypto-dashboard-design/node_modules/.pnpm/jest-circus@30.2.0/node_modules/jest-circus/build/jestAdapterInit.js:761:3)\n    at runAndTransformResultsToJestFormat (/workspaces/v0-crypto-dashboard-design/node_modules/.pnpm/jest-circus@30.2.0/node_modules/jest-circus/build/jestAdapterInit.js:1918:21)\n    at jestAdapter (/workspaces/v0-crypto-dashboard-design/node_modules/.pnpm/jest-circus@30.2.0/node_modules/jest-circus/build/runner.js:101:19)\n    at runTestInternal (/workspaces/v0-crypto-dashboard-design/node_modules/.pnpm/jest-runner@30.2.0/node_modules/jest-runner/build/index.js:275:16)\n    at runTest (/workspaces/v0-crypto-dashboard-design/node_modules/.pnpm/jest-runner@30.2.0/node_modules/jest-runner/build/index.js:343:7)"],"fullName":"Clientes Schema - Validaciones validarActualizacionCliente ❌ debe rechazar actualización con totalComprado negativo","invocations":1,"location":null,"numPassingAsserts":0,"retryReasons":[],"startAt":1764456359055,"status":"failed","title":"❌ debe rechazar actualización con totalComprado negativo"},{"ancestorTitles":["Clientes Schema - Validaciones","generarKeywordsCliente"],"duration":2,"failing":false,"failureDetails":[{"matcherResult":{"message":"expect(received).toContain(expected) // indexOf\n\nExpected value: \"perez\"\nReceived array: [\"juan pérez\", \"juan\", \"pérez\"]","pass":false}}],"failureMessages":["Error: expect(received).toContain(expected) // indexOf\n\nExpected value: \"perez\"\nReceived array: [\"juan pérez\", \"juan\", \"pérez\"]\n    at Object.<anonymous> (/workspaces/v0-crypto-dashboard-design/__tests__/schemas/clientes.test.ts:236:24)\n    at Promise.finally.completed (/workspaces/v0-crypto-dashboard-design/node_modules/.pnpm/jest-circus@30.2.0/node_modules/jest-circus/build/jestAdapterInit.js:1557:28)\n    at new Promise (<anonymous>)\n    at callAsyncCircusFn (/workspaces/v0-crypto-dashboard-design/node_modules/.pnpm/jest-circus@30.2.0/node_modules/jest-circus/build/jestAdapterInit.js:1497:10)\n    at _callCircusTest (/workspaces/v0-crypto-dashboard-design/node_modules/.pnpm/jest-circus@30.2.0/node_modules/jest-circus/build/jestAdapterInit.js:1007:40)\n    at processTicksAndRejections (node:internal/process/task_queues:105:5)\n    at _runTest (/workspaces/v0-crypto-dashboard-design/node_modules/.pnpm/jest-circus@30.2.0/node_modules/jest-circus/build/jestAdapterInit.js:947:3)\n    at /workspaces/v0-crypto-dashboard-design/node_modules/.pnpm/jest-circus@30.2.0/node_modules/jest-circus/build/jestAdapterInit.js:849:7\n    at _runTestsForDescribeBlock (/workspaces/v0-crypto-dashboard-design/node_modules/.pnpm/jest-circus@30.2.0/node_modules/jest-circus/build/jestAdapterInit.js:862:11)\n    at _runTestsForDescribeBlock (/workspaces/v0-crypto-dashboard-design/node_modules/.pnpm/jest-circus@30.2.0/node_modules/jest-circus/build/jestAdapterInit.js:857:11)\n    at _runTestsForDescribeBlock (/workspaces/v0-crypto-dashboard-design/node_modules/.pnpm/jest-circus@30.2.0/node_modules/jest-circus/build/jestAdapterInit.js:857:11)\n    at run (/workspaces/v0-crypto-dashboard-design/node_modules/.pnpm/jest-circus@30.2.0/node_modules/jest-circus/build/jestAdapterInit.js:761:3)\n    at runAndTransformResultsToJestFormat (/workspaces/v0-crypto-dashboard-design/node_modules/.pnpm/jest-circus@30.2.0/node_modules/jest-circus/build/jestAdapterInit.js:1918:21)\n    at jestAdapter (/workspaces/v0-crypto-dashboard-design/node_modules/.pnpm/jest-circus@30.2.0/node_modules/jest-circus/build/runner.js:101:19)\n    at runTestInternal (/workspaces/v0-crypto-dashboard-design/node_modules/.pnpm/jest-runner@30.2.0/node_modules/jest-runner/build/index.js:275:16)\n    at runTest (/workspaces/v0-crypto-dashboard-design/node_modules/.pnpm/jest-runner@30.2.0/node_modules/jest-runner/build/index.js:343:7)"],"fullName":"Clientes Schema - Validaciones generarKeywordsCliente ✅ debe generar keywords desde nombre","invocations":1,"location":null,"numPassingAsserts":1,"retryReasons":[],"startAt":1764456359056,"status":"failed","title":"✅ debe generar keywords desde nombre"},{"ancestorTitles":["Clientes Schema - Validaciones","generarKeywordsCliente"],"duration":1,"failing":false,"failureDetails":[{"matcherResult":{"message":"expect(received).toContain(expected) // indexOf\n\nExpected value: \"jose\"\nReceived array: [\"josé maría\", \"josé\", \"maría\"]","pass":false}}],"failureMessages":["Error: expect(received).toContain(expected) // indexOf\n\nExpected value: \"jose\"\nReceived array: [\"josé maría\", \"josé\", \"maría\"]\n    at Object.<anonymous> (/workspaces/v0-crypto-dashboard-design/__tests__/schemas/clientes.test.ts:243:24)\n    at Promise.finally.completed (/workspaces/v0-crypto-dashboard-design/node_modules/.pnpm/jest-circus@30.2.0/node_modules/jest-circus/build/jestAdapterInit.js:1557:28)\n    at new Promise (<anonymous>)\n    at callAsyncCircusFn (/workspaces/v0-crypto-dashboard-design/node_modules/.pnpm/jest-circus@30.2.0/node_modules/jest-circus/build/jestAdapterInit.js:1497:10)\n    at _callCircusTest (/workspaces/v0-crypto-dashboard-design/node_modules/.pnpm/jest-circus@30.2.0/node_modules/jest-circus/build/jestAdapterInit.js:1007:40)\n    at processTicksAndRejections (node:internal/process/task_queues:105:5)\n    at _runTest (/workspaces/v0-crypto-dashboard-design/node_modules/.pnpm/jest-circus@30.2.0/node_modules/jest-circus/build/jestAdapterInit.js:947:3)\n    at /workspaces/v0-crypto-dashboard-design/node_modules/.pnpm/jest-circus@30.2.0/node_modules/jest-circus/build/jestAdapterInit.js:849:7\n    at _runTestsForDescribeBlock (/workspaces/v0-crypto-dashboard-design/node_modules/.pnpm/jest-circus@30.2.0/node_modules/jest-circus/build/jestAdapterInit.js:862:11)\n    at _runTestsForDescribeBlock (/workspaces/v0-crypto-dashboard-design/node_modules/.pnpm/jest-circus@30.2.0/node_modules/jest-circus/build/jestAdapterInit.js:857:11)\n    at _runTestsForDescribeBlock (/workspaces/v0-crypto-dashboard-design/node_modules/.pnpm/jest-circus@30.2.0/node_modules/jest-circus/build/jestAdapterInit.js:857:11)\n    at run (/workspaces/v0-crypto-dashboard-design/node_modules/.pnpm/jest-circus@30.2.0/node_modules/jest-circus/build/jestAdapterInit.js:761:3)\n    at runAndTransformResultsToJestFormat (/workspaces/v0-crypto-dashboard-design/node_modules/.pnpm/jest-circus@30.2.0/node_modules/jest-circus/build/jestAdapterInit.js:1918:21)\n    at jestAdapter (/workspaces/v0-crypto-dashboard-design/node_modules/.pnpm/jest-circus@30.2.0/node_modules/jest-circus/build/runner.js:101:19)\n    at runTestInternal (/workspaces/v0-crypto-dashboard-design/node_modules/.pnpm/jest-runner@30.2.0/node_modules/jest-runner/build/index.js:275:16)\n    at runTest (/workspaces/v0-crypto-dashboard-design/node_modules/.pnpm/jest-runner@30.2.0/node_modules/jest-runner/build/index.js:343:7)"],"fullName":"Clientes Schema - Validaciones generarKeywordsCliente ✅ debe manejar nombres con acentos","invocations":1,"location":null,"numPassingAsserts":0,"retryReasons":[],"startAt":1764456359058,"status":"failed","title":"✅ debe manejar nombres con acentos"},{"ancestorTitles":["Clientes Schema - Validaciones","generarKeywordsCliente"],"duration":1,"failing":false,"failureDetails":[{"matcherResult":{"message":"expect(received).toContain(expected) // indexOf\n\nExpected value: \"perez\"\nReceived array: [\"juan   carlos   pérez\", \"juan\", \"carlos\", \"pérez\"]","pass":false}}],"failureMessages":["Error: expect(received).toContain(expected) // indexOf\n\nExpected value: \"perez\"\nReceived array: [\"juan   carlos   pérez\", \"juan\", \"carlos\", \"pérez\"]\n    at Object.<anonymous> (/workspaces/v0-crypto-dashboard-design/__tests__/schemas/clientes.test.ts:253:24)\n    at Promise.finally.completed (/workspaces/v0-crypto-dashboard-design/node_modules/.pnpm/jest-circus@30.2.0/node_modules/jest-circus/build/jestAdapterInit.js:1557:28)\n    at new Promise (<anonymous>)\n    at callAsyncCircusFn (/workspaces/v0-crypto-dashboard-design/node_modules/.pnpm/jest-circus@30.2.0/node_modules/jest-circus/build/jestAdapterInit.js:1497:10)\n    at _callCircusTest (/workspaces/v0-crypto-dashboard-design/node_modules/.pnpm/jest-circus@30.2.0/node_modules/jest-circus/build/jestAdapterInit.js:1007:40)\n    at processTicksAndRejections (node:internal/process/task_queues:105:5)\n    at _runTest (/workspaces/v0-crypto-dashboard-design/node_modules/.pnpm/jest-circus@30.2.0/node_modules/jest-circus/build/jestAdapterInit.js:947:3)\n    at /workspaces/v0-crypto-dashboard-design/node_modules/.pnpm/jest-circus@30.2.0/node_modules/jest-circus/build/jestAdapterInit.js:849:7\n    at _runTestsForDescribeBlock (/workspaces/v0-crypto-dashboard-design/node_modules/.pnpm/jest-circus@30.2.0/node_modules/jest-circus/build/jestAdapterInit.js:862:11)\n    at _runTestsForDescribeBlock (/workspaces/v0-crypto-dashboard-design/node_modules/.pnpm/jest-circus@30.2.0/node_modules/jest-circus/build/jestAdapterInit.js:857:11)\n    at _runTestsForDescribeBlock (/workspaces/v0-crypto-dashboard-design/node_modules/.pnpm/jest-circus@30.2.0/node_modules/jest-circus/build/jestAdapterInit.js:857:11)\n    at run (/workspaces/v0-crypto-dashboard-design/node_modules/.pnpm/jest-circus@30.2.0/node_modules/jest-circus/build/jestAdapterInit.js:761:3)\n    at runAndTransformResultsToJestFormat (/workspaces/v0-crypto-dashboard-design/node_modules/.pnpm/jest-circus@30.2.0/node_modules/jest-circus/build/jestAdapterInit.js:1918:21)\n    at jestAdapter (/workspaces/v0-crypto-dashboard-design/node_modules/.pnpm/jest-circus@30.2.0/node_modules/jest-circus/build/runner.js:101:19)\n    at runTestInternal (/workspaces/v0-crypto-dashboard-design/node_modules/.pnpm/jest-runner@30.2.0/node_modules/jest-runner/build/index.js:275:16)\n    at runTest (/workspaces/v0-crypto-dashboard-design/node_modules/.pnpm/jest-runner@30.2.0/node_modules/jest-runner/build/index.js:343:7)"],"fullName":"Clientes Schema - Validaciones generarKeywordsCliente ✅ debe manejar nombres con múltiples espacios","invocations":1,"location":null,"numPassingAsserts":2,"retryReasons":[],"startAt":1764456359059,"status":"failed","title":"✅ debe manejar nombres con múltiples espacios"},{"ancestorTitles":["Clientes Schema - Validaciones","generarKeywordsCliente"],"duration":0,"failing":false,"failureDetails":[],"failureMessages":[],"fullName":"Clientes Schema - Validaciones generarKeywordsCliente ✅ debe eliminar duplicados","invocations":1,"location":null,"numPassingAsserts":1,"retryReasons":[],"startAt":1764456359060,"status":"passed","title":"✅ debe eliminar duplicados"},{"ancestorTitles":["Clientes Schema - Validaciones","generarKeywordsCliente"],"duration":0,"failing":false,"failureDetails":[],"failureMessages":[],"fullName":"Clientes Schema - Validaciones generarKeywordsCliente ✅ debe manejar nombres vacíos","invocations":1,"location":null,"numPassingAsserts":1,"retryReasons":[],"startAt":1764456359061,"status":"passed","title":"✅ debe manejar nombres vacíos"},{"ancestorTitles":["Clientes Schema - Validaciones","CrearClienteSchema"],"duration":1,"failing":false,"failureDetails":[],"failureMessages":[],"fullName":"Clientes Schema - Validaciones CrearClienteSchema ✅ debe parsear cliente válido","invocations":1,"location":null,"numPassingAsserts":1,"retryReasons":[],"startAt":1764456359061,"status":"passed","title":"✅ debe parsear cliente válido"},{"ancestorTitles":["Clientes Schema - Validaciones","CrearClienteSchema"],"duration":4,"failing":false,"failureDetails":[],"failureMessages":[],"fullName":"Clientes Schema - Validaciones CrearClienteSchema ❌ debe lanzar error con datos inválidos","invocations":1,"location":null,"numPassingAsserts":1,"retryReasons":[],"startAt":1764456359062,"status":"passed","title":"❌ debe lanzar error con datos inválidos"},{"ancestorTitles":["Clientes Schema - Validaciones","ActualizarClienteSchema"],"duration":0,"failing":false,"failureDetails":[],"failureMessages":[],"fullName":"Clientes Schema - Validaciones ActualizarClienteSchema ✅ debe parsear actualización parcial","invocations":1,"location":null,"numPassingAsserts":1,"retryReasons":[],"startAt":1764456359066,"status":"passed","title":"✅ debe parsear actualización parcial"},{"ancestorTitles":["Clientes Schema - Validaciones","ActualizarClienteSchema"],"duration":0,"failing":false,"failureDetails":[],"failureMessages":[],"fullName":"Clientes Schema - Validaciones ActualizarClienteSchema ✅ debe aceptar objeto vacío (sin cambios)","invocations":1,"location":null,"numPassingAsserts":1,"retryReasons":[],"startAt":1764456359067,"status":"passed","title":"✅ debe aceptar objeto vacío (sin cambios)"}],"endTime":1764456359086,"message":"  ● Clientes Schema - Validaciones › validarCliente › ❌ debe rechazar teléfono inválido (menos de 10 dígitos)\n\n    expect(received).toBe(expected) // Object.is equality\n\n    Expected: false\n    Received: true\n\n       98 |       const result = validarCliente(clienteInvalido)\n       99 |       \n    > 100 |       expect(result.success).toBe(false)\n          |                              ^\n      101 |       if (!result.success) {\n      102 |         expect(result.errors).toBeDefined()\n      103 |         expect(result.errors?.some(e => e.includes('telefono'))).toBe(true)\n\n      at Object.<anonymous> (__tests__/schemas/clientes.test.ts:100:30)\n\n  ● Clientes Schema - Validaciones › validarCliente › ❌ debe rechazar totalComprado negativo\n\n    expect(received).toBe(expected) // Object.is equality\n\n    Expected: false\n    Received: true\n\n      141 |       const result = validarCliente(clienteInvalido)\n      142 |       \n    > 143 |       expect(result.success).toBe(false)\n          |                              ^\n      144 |     })\n      145 |     \n      146 |     it('❌ debe rechazar saldoPendiente negativo', () => {\n\n      at Object.<anonymous> (__tests__/schemas/clientes.test.ts:143:30)\n\n  ● Clientes Schema - Validaciones › validarCliente › ❌ debe rechazar saldoPendiente negativo\n\n    expect(received).toBe(expected) // Object.is equality\n\n    Expected: false\n    Received: true\n\n      154 |       const result = validarCliente(clienteInvalido)\n      155 |       \n    > 156 |       expect(result.success).toBe(false)\n          |                              ^\n      157 |     })\n      158 |   })\n      159 |   \n\n      at Object.<anonymous> (__tests__/schemas/clientes.test.ts:156:30)\n\n  ● Clientes Schema - Validaciones › validarActualizacionCliente › ❌ debe rechazar actualización con totalComprado negativo\n\n    expect(received).toBe(expected) // Object.is equality\n\n    Expected: false\n    Received: true\n\n      220 |       const result = validarActualizacionCliente(actualizacion)\n      221 |       \n    > 222 |       expect(result.success).toBe(false)\n          |                              ^\n      223 |     })\n      224 |   })\n      225 |   \n\n      at Object.<anonymous> (__tests__/schemas/clientes.test.ts:222:30)\n\n  ● Clientes Schema - Validaciones › generarKeywordsCliente › ✅ debe generar keywords desde nombre\n\n    expect(received).toContain(expected) // indexOf\n\n    Expected value: \"perez\"\n    Received array: [\"juan pérez\", \"juan\", \"pérez\"]\n\n      234 |       \n      235 |       expect(keywords).toContain('juan')\n    > 236 |       expect(keywords).toContain('perez')\n          |                        ^\n      237 |       expect(keywords).toContain('juan perez')\n      238 |     })\n      239 |     \n\n      at Object.<anonymous> (__tests__/schemas/clientes.test.ts:236:24)\n\n  ● Clientes Schema - Validaciones › generarKeywordsCliente › ✅ debe manejar nombres con acentos\n\n    expect(received).toContain(expected) // indexOf\n\n    Expected value: \"jose\"\n    Received array: [\"josé maría\", \"josé\", \"maría\"]\n\n      241 |       const keywords = generarKeywordsCliente('José María')\n      242 |       \n    > 243 |       expect(keywords).toContain('jose')\n          |                        ^\n      244 |       expect(keywords).toContain('maria')\n      245 |       expect(keywords).toContain('jose maria')\n      246 |     })\n\n      at Object.<anonymous> (__tests__/schemas/clientes.test.ts:243:24)\n\n  ● Clientes Schema - Validaciones › generarKeywordsCliente › ✅ debe manejar nombres con múltiples espacios\n\n    expect(received).toContain(expected) // indexOf\n\n    Expected value: \"perez\"\n    Received array: [\"juan   carlos   pérez\", \"juan\", \"carlos\", \"pérez\"]\n\n      251 |       expect(keywords).toContain('juan')\n      252 |       expect(keywords).toContain('carlos')\n    > 253 |       expect(keywords).toContain('perez')\n          |                        ^\n      254 |     })\n      255 |     \n      256 |     it('✅ debe eliminar duplicados', () => {\n\n      at Object.<anonymous> (__tests__/schemas/clientes.test.ts:253:24)\n","name":"/workspaces/v0-crypto-dashboard-design/__tests__/schemas/clientes.test.ts","startTime":1764456358714,"status":"failed","summary":""},{"assertionResults":[{"ancestorTitles":["Ventas Schema - Validaciones","validarVenta"],"duration":2,"failing":false,"failureDetails":[{"matcherResult":{"actual":false,"expected":true,"message":"expect(received).toBe(expected) // Object.is equality\n\nExpected: true\nReceived: false","name":"toBe","pass":false}}],"failureMessages":["Error: expect(received).toBe(expected) // Object.is equality\n\nExpected: true\nReceived: false\n    at Object.<anonymous> (/workspaces/v0-crypto-dashboard-design/__tests__/schemas/ventas.test.ts:35:30)\n    at Promise.finally.completed (/workspaces/v0-crypto-dashboard-design/node_modules/.pnpm/jest-circus@30.2.0/node_modules/jest-circus/build/jestAdapterInit.js:1557:28)\n    at new Promise (<anonymous>)\n    at callAsyncCircusFn (/workspaces/v0-crypto-dashboard-design/node_modules/.pnpm/jest-circus@30.2.0/node_modules/jest-circus/build/jestAdapterInit.js:1497:10)\n    at _callCircusTest (/workspaces/v0-crypto-dashboard-design/node_modules/.pnpm/jest-circus@30.2.0/node_modules/jest-circus/build/jestAdapterInit.js:1007:40)\n    at _runTest (/workspaces/v0-crypto-dashboard-design/node_modules/.pnpm/jest-circus@30.2.0/node_modules/jest-circus/build/jestAdapterInit.js:947:3)\n    at /workspaces/v0-crypto-dashboard-design/node_modules/.pnpm/jest-circus@30.2.0/node_modules/jest-circus/build/jestAdapterInit.js:849:7\n    at _runTestsForDescribeBlock (/workspaces/v0-crypto-dashboard-design/node_modules/.pnpm/jest-circus@30.2.0/node_modules/jest-circus/build/jestAdapterInit.js:862:11)\n    at _runTestsForDescribeBlock (/workspaces/v0-crypto-dashboard-design/node_modules/.pnpm/jest-circus@30.2.0/node_modules/jest-circus/build/jestAdapterInit.js:857:11)\n    at _runTestsForDescribeBlock (/workspaces/v0-crypto-dashboard-design/node_modules/.pnpm/jest-circus@30.2.0/node_modules/jest-circus/build/jestAdapterInit.js:857:11)\n    at run (/workspaces/v0-crypto-dashboard-design/node_modules/.pnpm/jest-circus@30.2.0/node_modules/jest-circus/build/jestAdapterInit.js:761:3)\n    at runAndTransformResultsToJestFormat (/workspaces/v0-crypto-dashboard-design/node_modules/.pnpm/jest-circus@30.2.0/node_modules/jest-circus/build/jestAdapterInit.js:1918:21)\n    at jestAdapter (/workspaces/v0-crypto-dashboard-design/node_modules/.pnpm/jest-circus@30.2.0/node_modules/jest-circus/build/runner.js:101:19)\n    at runTestInternal (/workspaces/v0-crypto-dashboard-design/node_modules/.pnpm/jest-runner@30.2.0/node_modules/jest-runner/build/index.js:275:16)\n    at runTest (/workspaces/v0-crypto-dashboard-design/node_modules/.pnpm/jest-runner@30.2.0/node_modules/jest-runner/build/index.js:343:7)"],"fullName":"Ventas Schema - Validaciones validarVenta ✅ debe validar venta válida completa","invocations":1,"location":null,"numPassingAsserts":0,"retryReasons":[],"startAt":1764456359161,"status":"failed","title":"✅ debe validar venta válida completa"},{"ancestorTitles":["Ventas Schema - Validaciones","validarVenta"],"duration":0,"failing":false,"failureDetails":[],"failureMessages":[],"fullName":"Ventas Schema - Validaciones validarVenta ❌ debe rechazar cantidad = 0","invocations":1,"location":null,"numPassingAsserts":1,"retryReasons":[],"startAt":1764456359167,"status":"passed","title":"❌ debe rechazar cantidad = 0"},{"ancestorTitles":["Ventas Schema - Validaciones","validarVenta"],"duration":1,"failing":false,"failureDetails":[],"failureMessages":[],"fullName":"Ventas Schema - Validaciones validarVenta ❌ debe rechazar precio venta <= precio compra (sin ganancia)","invocations":1,"location":null,"numPassingAsserts":1,"retryReasons":[],"startAt":1764456359168,"status":"passed","title":"❌ debe rechazar precio venta <= precio compra (sin ganancia)"},{"ancestorTitles":["Ventas Schema - Validaciones","validarVenta"],"duration":1,"failing":false,"failureDetails":[],"failureMessages":[],"fullName":"Ventas Schema - Validaciones validarVenta ❌ debe rechazar estado de pago inválido","invocations":1,"location":null,"numPassingAsserts":1,"retryReasons":[],"startAt":1764456359169,"status":"passed","title":"❌ debe rechazar estado de pago inválido"},{"ancestorTitles":["Ventas Schema - Validaciones","validarVenta"],"duration":1,"failing":false,"failureDetails":[{"matcherResult":{"actual":false,"expected":true,"message":"expect(received).toBe(expected) // Object.is equality\n\nExpected: true\nReceived: false","name":"toBe","pass":false}}],"failureMessages":["Error: expect(received).toBe(expected) // Object.is equality\n\nExpected: true\nReceived: false\n    at Object.<anonymous> (/workspaces/v0-crypto-dashboard-design/__tests__/schemas/ventas.test.ts:103:30)\n    at Promise.finally.completed (/workspaces/v0-crypto-dashboard-design/node_modules/.pnpm/jest-circus@30.2.0/node_modules/jest-circus/build/jestAdapterInit.js:1557:28)\n    at new Promise (<anonymous>)\n    at callAsyncCircusFn (/workspaces/v0-crypto-dashboard-design/node_modules/.pnpm/jest-circus@30.2.0/node_modules/jest-circus/build/jestAdapterInit.js:1497:10)\n    at _callCircusTest (/workspaces/v0-crypto-dashboard-design/node_modules/.pnpm/jest-circus@30.2.0/node_modules/jest-circus/build/jestAdapterInit.js:1007:40)\n    at _runTest (/workspaces/v0-crypto-dashboard-design/node_modules/.pnpm/jest-circus@30.2.0/node_modules/jest-circus/build/jestAdapterInit.js:947:3)\n    at /workspaces/v0-crypto-dashboard-design/node_modules/.pnpm/jest-circus@30.2.0/node_modules/jest-circus/build/jestAdapterInit.js:849:7\n    at _runTestsForDescribeBlock (/workspaces/v0-crypto-dashboard-design/node_modules/.pnpm/jest-circus@30.2.0/node_modules/jest-circus/build/jestAdapterInit.js:862:11)\n    at _runTestsForDescribeBlock (/workspaces/v0-crypto-dashboard-design/node_modules/.pnpm/jest-circus@30.2.0/node_modules/jest-circus/build/jestAdapterInit.js:857:11)\n    at _runTestsForDescribeBlock (/workspaces/v0-crypto-dashboard-design/node_modules/.pnpm/jest-circus@30.2.0/node_modules/jest-circus/build/jestAdapterInit.js:857:11)\n    at run (/workspaces/v0-crypto-dashboard-design/node_modules/.pnpm/jest-circus@30.2.0/node_modules/jest-circus/build/jestAdapterInit.js:761:3)\n    at runAndTransformResultsToJestFormat (/workspaces/v0-crypto-dashboard-design/node_modules/.pnpm/jest-circus@30.2.0/node_modules/jest-circus/build/jestAdapterInit.js:1918:21)\n    at jestAdapter (/workspaces/v0-crypto-dashboard-design/node_modules/.pnpm/jest-circus@30.2.0/node_modules/jest-circus/build/runner.js:101:19)\n    at runTestInternal (/workspaces/v0-crypto-dashboard-design/node_modules/.pnpm/jest-runner@30.2.0/node_modules/jest-runner/build/index.js:275:16)\n    at runTest (/workspaces/v0-crypto-dashboard-design/node_modules/.pnpm/jest-runner@30.2.0/node_modules/jest-runner/build/index.js:343:7)"],"fullName":"Ventas Schema - Validaciones validarVenta ✅ debe validar estado pendiente","invocations":1,"location":null,"numPassingAsserts":0,"retryReasons":[],"startAt":1764456359170,"status":"failed","title":"✅ debe validar estado pendiente"},{"ancestorTitles":["Ventas Schema - Validaciones","validarVenta"],"duration":1,"failing":false,"failureDetails":[{"matcherResult":{"actual":false,"expected":true,"message":"expect(received).toBe(expected) // Object.is equality\n\nExpected: true\nReceived: false","name":"toBe","pass":false}}],"failureMessages":["Error: expect(received).toBe(expected) // Object.is equality\n\nExpected: true\nReceived: false\n    at Object.<anonymous> (/workspaces/v0-crypto-dashboard-design/__tests__/schemas/ventas.test.ts:120:30)\n    at Promise.finally.completed (/workspaces/v0-crypto-dashboard-design/node_modules/.pnpm/jest-circus@30.2.0/node_modules/jest-circus/build/jestAdapterInit.js:1557:28)\n    at new Promise (<anonymous>)\n    at callAsyncCircusFn (/workspaces/v0-crypto-dashboard-design/node_modules/.pnpm/jest-circus@30.2.0/node_modules/jest-circus/build/jestAdapterInit.js:1497:10)\n    at _callCircusTest (/workspaces/v0-crypto-dashboard-design/node_modules/.pnpm/jest-circus@30.2.0/node_modules/jest-circus/build/jestAdapterInit.js:1007:40)\n    at _runTest (/workspaces/v0-crypto-dashboard-design/node_modules/.pnpm/jest-circus@30.2.0/node_modules/jest-circus/build/jestAdapterInit.js:947:3)\n    at /workspaces/v0-crypto-dashboard-design/node_modules/.pnpm/jest-circus@30.2.0/node_modules/jest-circus/build/jestAdapterInit.js:849:7\n    at _runTestsForDescribeBlock (/workspaces/v0-crypto-dashboard-design/node_modules/.pnpm/jest-circus@30.2.0/node_modules/jest-circus/build/jestAdapterInit.js:862:11)\n    at _runTestsForDescribeBlock (/workspaces/v0-crypto-dashboard-design/node_modules/.pnpm/jest-circus@30.2.0/node_modules/jest-circus/build/jestAdapterInit.js:857:11)\n    at _runTestsForDescribeBlock (/workspaces/v0-crypto-dashboard-design/node_modules/.pnpm/jest-circus@30.2.0/node_modules/jest-circus/build/jestAdapterInit.js:857:11)\n    at run (/workspaces/v0-crypto-dashboard-design/node_modules/.pnpm/jest-circus@30.2.0/node_modules/jest-circus/build/jestAdapterInit.js:761:3)\n    at runAndTransformResultsToJestFormat (/workspaces/v0-crypto-dashboard-design/node_modules/.pnpm/jest-circus@30.2.0/node_modules/jest-circus/build/jestAdapterInit.js:1918:21)\n    at jestAdapter (/workspaces/v0-crypto-dashboard-design/node_modules/.pnpm/jest-circus@30.2.0/node_modules/jest-circus/build/runner.js:101:19)\n    at runTestInternal (/workspaces/v0-crypto-dashboard-design/node_modules/.pnpm/jest-runner@30.2.0/node_modules/jest-runner/build/index.js:275:16)\n    at runTest (/workspaces/v0-crypto-dashboard-design/node_modules/.pnpm/jest-runner@30.2.0/node_modules/jest-runner/build/index.js:343:7)"],"fullName":"Ventas Schema - Validaciones validarVenta ✅ debe validar estado parcial","invocations":1,"location":null,"numPassingAsserts":0,"retryReasons":[],"startAt":1764456359171,"status":"failed","title":"✅ debe validar estado parcial"},{"ancestorTitles":["Ventas Schema - Validaciones","validarVenta"],"duration":1,"failing":false,"failureDetails":[],"failureMessages":[],"fullName":"Ventas Schema - Validaciones validarVenta ❌ debe rechazar precios negativos","invocations":1,"location":null,"numPassingAsserts":1,"retryReasons":[],"startAt":1764456359172,"status":"passed","title":"❌ debe rechazar precios negativos"},{"ancestorTitles":["Ventas Schema - Validaciones","validarActualizacionVenta"],"duration":0,"failing":false,"failureDetails":[{}],"failureMessages":["TypeError: (0 , ventas_schema_1.validarActualizacionVenta) is not a function\n    at Object.<anonymous> (/workspaces/v0-crypto-dashboard-design/__tests__/schemas/ventas.test.ts:147:47)\n    at Promise.finally.completed (/workspaces/v0-crypto-dashboard-design/node_modules/.pnpm/jest-circus@30.2.0/node_modules/jest-circus/build/jestAdapterInit.js:1557:28)\n    at new Promise (<anonymous>)\n    at callAsyncCircusFn (/workspaces/v0-crypto-dashboard-design/node_modules/.pnpm/jest-circus@30.2.0/node_modules/jest-circus/build/jestAdapterInit.js:1497:10)\n    at _callCircusTest (/workspaces/v0-crypto-dashboard-design/node_modules/.pnpm/jest-circus@30.2.0/node_modules/jest-circus/build/jestAdapterInit.js:1007:40)\n    at _runTest (/workspaces/v0-crypto-dashboard-design/node_modules/.pnpm/jest-circus@30.2.0/node_modules/jest-circus/build/jestAdapterInit.js:947:3)\n    at /workspaces/v0-crypto-dashboard-design/node_modules/.pnpm/jest-circus@30.2.0/node_modules/jest-circus/build/jestAdapterInit.js:849:7\n    at _runTestsForDescribeBlock (/workspaces/v0-crypto-dashboard-design/node_modules/.pnpm/jest-circus@30.2.0/node_modules/jest-circus/build/jestAdapterInit.js:862:11)\n    at _runTestsForDescribeBlock (/workspaces/v0-crypto-dashboard-design/node_modules/.pnpm/jest-circus@30.2.0/node_modules/jest-circus/build/jestAdapterInit.js:857:11)\n    at _runTestsForDescribeBlock (/workspaces/v0-crypto-dashboard-design/node_modules/.pnpm/jest-circus@30.2.0/node_modules/jest-circus/build/jestAdapterInit.js:857:11)\n    at run (/workspaces/v0-crypto-dashboard-design/node_modules/.pnpm/jest-circus@30.2.0/node_modules/jest-circus/build/jestAdapterInit.js:761:3)\n    at runAndTransformResultsToJestFormat (/workspaces/v0-crypto-dashboard-design/node_modules/.pnpm/jest-circus@30.2.0/node_modules/jest-circus/build/jestAdapterInit.js:1918:21)\n    at jestAdapter (/workspaces/v0-crypto-dashboard-design/node_modules/.pnpm/jest-circus@30.2.0/node_modules/jest-circus/build/runner.js:101:19)\n    at runTestInternal (/workspaces/v0-crypto-dashboard-design/node_modules/.pnpm/jest-runner@30.2.0/node_modules/jest-runner/build/index.js:275:16)\n    at runTest (/workspaces/v0-crypto-dashboard-design/node_modules/.pnpm/jest-runner@30.2.0/node_modules/jest-runner/build/index.js:343:7)"],"fullName":"Ventas Schema - Validaciones validarActualizacionVenta ✅ debe validar actualización de estadoPago","invocations":1,"location":null,"numPassingAsserts":0,"retryReasons":[],"startAt":1764456359173,"status":"failed","title":"✅ debe validar actualización de estadoPago"},{"ancestorTitles":["Ventas Schema - Validaciones","validarActualizacionVenta"],"duration":0,"failing":false,"failureDetails":[{}],"failureMessages":["TypeError: (0 , ventas_schema_1.validarActualizacionVenta) is not a function\n    at Object.<anonymous> (/workspaces/v0-crypto-dashboard-design/__tests__/schemas/ventas.test.ts:157:47)\n    at Promise.finally.completed (/workspaces/v0-crypto-dashboard-design/node_modules/.pnpm/jest-circus@30.2.0/node_modules/jest-circus/build/jestAdapterInit.js:1557:28)\n    at new Promise (<anonymous>)\n    at callAsyncCircusFn (/workspaces/v0-crypto-dashboard-design/node_modules/.pnpm/jest-circus@30.2.0/node_modules/jest-circus/build/jestAdapterInit.js:1497:10)\n    at _callCircusTest (/workspaces/v0-crypto-dashboard-design/node_modules/.pnpm/jest-circus@30.2.0/node_modules/jest-circus/build/jestAdapterInit.js:1007:40)\n    at _runTest (/workspaces/v0-crypto-dashboard-design/node_modules/.pnpm/jest-circus@30.2.0/node_modules/jest-circus/build/jestAdapterInit.js:947:3)\n    at /workspaces/v0-crypto-dashboard-design/node_modules/.pnpm/jest-circus@30.2.0/node_modules/jest-circus/build/jestAdapterInit.js:849:7\n    at _runTestsForDescribeBlock (/workspaces/v0-crypto-dashboard-design/node_modules/.pnpm/jest-circus@30.2.0/node_modules/jest-circus/build/jestAdapterInit.js:862:11)\n    at _runTestsForDescribeBlock (/workspaces/v0-crypto-dashboard-design/node_modules/.pnpm/jest-circus@30.2.0/node_modules/jest-circus/build/jestAdapterInit.js:857:11)\n    at _runTestsForDescribeBlock (/workspaces/v0-crypto-dashboard-design/node_modules/.pnpm/jest-circus@30.2.0/node_modules/jest-circus/build/jestAdapterInit.js:857:11)\n    at run (/workspaces/v0-crypto-dashboard-design/node_modules/.pnpm/jest-circus@30.2.0/node_modules/jest-circus/build/jestAdapterInit.js:761:3)\n    at runAndTransformResultsToJestFormat (/workspaces/v0-crypto-dashboard-design/node_modules/.pnpm/jest-circus@30.2.0/node_modules/jest-circus/build/jestAdapterInit.js:1918:21)\n    at jestAdapter (/workspaces/v0-crypto-dashboard-design/node_modules/.pnpm/jest-circus@30.2.0/node_modules/jest-circus/build/runner.js:101:19)\n    at runTestInternal (/workspaces/v0-crypto-dashboard-design/node_modules/.pnpm/jest-runner@30.2.0/node_modules/jest-runner/build/index.js:275:16)\n    at runTest (/workspaces/v0-crypto-dashboard-design/node_modules/.pnpm/jest-runner@30.2.0/node_modules/jest-runner/build/index.js:343:7)"],"fullName":"Ventas Schema - Validaciones validarActualizacionVenta ✅ debe validar actualización de montoPagado","invocations":1,"location":null,"numPassingAsserts":0,"retryReasons":[],"startAt":1764456359174,"status":"failed","title":"✅ debe validar actualización de montoPagado"},{"ancestorTitles":["Ventas Schema - Validaciones","validarActualizacionVenta"],"duration":1,"failing":false,"failureDetails":[{}],"failureMessages":["TypeError: (0 , ventas_schema_1.validarActualizacionVenta) is not a function\n    at Object.<anonymous> (/workspaces/v0-crypto-dashboard-design/__tests__/schemas/ventas.test.ts:167:47)\n    at Promise.finally.completed (/workspaces/v0-crypto-dashboard-design/node_modules/.pnpm/jest-circus@30.2.0/node_modules/jest-circus/build/jestAdapterInit.js:1557:28)\n    at new Promise (<anonymous>)\n    at callAsyncCircusFn (/workspaces/v0-crypto-dashboard-design/node_modules/.pnpm/jest-circus@30.2.0/node_modules/jest-circus/build/jestAdapterInit.js:1497:10)\n    at _callCircusTest (/workspaces/v0-crypto-dashboard-design/node_modules/.pnpm/jest-circus@30.2.0/node_modules/jest-circus/build/jestAdapterInit.js:1007:40)\n    at _runTest (/workspaces/v0-crypto-dashboard-design/node_modules/.pnpm/jest-circus@30.2.0/node_modules/jest-circus/build/jestAdapterInit.js:947:3)\n    at /workspaces/v0-crypto-dashboard-design/node_modules/.pnpm/jest-circus@30.2.0/node_modules/jest-circus/build/jestAdapterInit.js:849:7\n    at _runTestsForDescribeBlock (/workspaces/v0-crypto-dashboard-design/node_modules/.pnpm/jest-circus@30.2.0/node_modules/jest-circus/build/jestAdapterInit.js:862:11)\n    at _runTestsForDescribeBlock (/workspaces/v0-crypto-dashboard-design/node_modules/.pnpm/jest-circus@30.2.0/node_modules/jest-circus/build/jestAdapterInit.js:857:11)\n    at _runTestsForDescribeBlock (/workspaces/v0-crypto-dashboard-design/node_modules/.pnpm/jest-circus@30.2.0/node_modules/jest-circus/build/jestAdapterInit.js:857:11)\n    at run (/workspaces/v0-crypto-dashboard-design/node_modules/.pnpm/jest-circus@30.2.0/node_modules/jest-circus/build/jestAdapterInit.js:761:3)\n    at runAndTransformResultsToJestFormat (/workspaces/v0-crypto-dashboard-design/node_modules/.pnpm/jest-circus@30.2.0/node_modules/jest-circus/build/jestAdapterInit.js:1918:21)\n    at jestAdapter (/workspaces/v0-crypto-dashboard-design/node_modules/.pnpm/jest-circus@30.2.0/node_modules/jest-circus/build/runner.js:101:19)\n    at runTestInternal (/workspaces/v0-crypto-dashboard-design/node_modules/.pnpm/jest-runner@30.2.0/node_modules/jest-runner/build/index.js:275:16)\n    at runTest (/workspaces/v0-crypto-dashboard-design/node_modules/.pnpm/jest-runner@30.2.0/node_modules/jest-runner/build/index.js:343:7)"],"fullName":"Ventas Schema - Validaciones validarActualizacionVenta ❌ debe rechazar montoPagado negativo","invocations":1,"location":null,"numPassingAsserts":0,"retryReasons":[],"startAt":1764456359174,"status":"failed","title":"❌ debe rechazar montoPagado negativo"},{"ancestorTitles":["Ventas Schema - Validaciones","CrearVentaSchema"],"duration":7,"failing":false,"failureDetails":[{"matcherResult":{"message":"expect(received).not.toThrow()\n\nError name:    \"ZodError\"\nError message: \"[\n  {\n    \\\"code\\\": \\\"invalid_type\\\",\n    \\\"expected\\\": \\\"string\\\",\n    \\\"received\\\": \\\"undefined\\\",\n    \\\"path\\\": [\n      \\\"cliente\\\"\n    ],\n    \\\"message\\\": \\\"Required\\\"\n  },\n  {\n    \\\"code\\\": \\\"invalid_type\\\",\n    \\\"expected\\\": \\\"string\\\",\n    \\\"received\\\": \\\"undefined\\\",\n    \\\"path\\\": [\n      \\\"producto\\\"\n    ],\n    \\\"message\\\": \\\"Required\\\"\n  },\n  {\n    \\\"code\\\": \\\"invalid_type\\\",\n    \\\"expected\\\": \\\"number\\\",\n    \\\"received\\\": \\\"undefined\\\",\n    \\\"path\\\": [\n      \\\"precioTotalVenta\\\"\n    ],\n    \\\"message\\\": \\\"Required\\\"\n  },\n  {\n    \\\"code\\\": \\\"invalid_type\\\",\n    \\\"expected\\\": \\\"number\\\",\n    \\\"received\\\": \\\"undefined\\\",\n    \\\"path\\\": [\n      \\\"montoPagado\\\"\n    ],\n    \\\"message\\\": \\\"Required\\\"\n  },\n  {\n    \\\"code\\\": \\\"invalid_type\\\",\n    \\\"expected\\\": \\\"number\\\",\n    \\\"received\\\": \\\"undefined\\\",\n    \\\"path\\\": [\n      \\\"montoRestante\\\"\n    ],\n    \\\"message\\\": \\\"Required\\\"\n  },\n  {\n    \\\"code\\\": \\\"invalid_type\\\",\n    \\\"expected\\\": \\\"object\\\",\n    \\\"received\\\": \\\"undefined\\\",\n    \\\"path\\\": [\n      \\\"distribucionBancos\\\"\n    ],\n    \\\"message\\\": \\\"Required\\\"\n  }\n]\"\n\n      189 |       }\n      190 |       \n    > 191 |       expect(() => CrearVentaSchema.parse(venta)).not.toThrow()\n          |                                     ^\n      192 |     })\n      193 |   })\n      194 | })\n\n      at Object.get error [as error] (node_modules/.pnpm/zod@3.25.76/node_modules/zod/v3/types.cjs:45:31)\n      at ZodEffects.parse (node_modules/.pnpm/zod@3.25.76/node_modules/zod/v3/types.cjs:120:22)\n      at __tests__/schemas/ventas.test.ts:191:37\n      at Object.<anonymous> (node_modules/.pnpm/expect@30.2.0/node_modules/expect/build/index.js:1824:9)\n      at Object.throwingMatcher [as toThrow] (node_modules/.pnpm/expect@30.2.0/node_modules/expect/build/index.js:2235:93)\n      at Object.<anonymous> (__tests__/schemas/ventas.test.ts:191:55)","pass":true}}],"failureMessages":["Error: expect(received).not.toThrow()\n\nError name:    \"ZodError\"\nError message: \"[\n  {\n    \\\"code\\\": \\\"invalid_type\\\",\n    \\\"expected\\\": \\\"string\\\",\n    \\\"received\\\": \\\"undefined\\\",\n    \\\"path\\\": [\n      \\\"cliente\\\"\n    ],\n    \\\"message\\\": \\\"Required\\\"\n  },\n  {\n    \\\"code\\\": \\\"invalid_type\\\",\n    \\\"expected\\\": \\\"string\\\",\n    \\\"received\\\": \\\"undefined\\\",\n    \\\"path\\\": [\n      \\\"producto\\\"\n    ],\n    \\\"message\\\": \\\"Required\\\"\n  },\n  {\n    \\\"code\\\": \\\"invalid_type\\\",\n    \\\"expected\\\": \\\"number\\\",\n    \\\"received\\\": \\\"undefined\\\",\n    \\\"path\\\": [\n      \\\"precioTotalVenta\\\"\n    ],\n    \\\"message\\\": \\\"Required\\\"\n  },\n  {\n    \\\"code\\\": \\\"invalid_type\\\",\n    \\\"expected\\\": \\\"number\\\",\n    \\\"received\\\": \\\"undefined\\\",\n    \\\"path\\\": [\n      \\\"montoPagado\\\"\n    ],\n    \\\"message\\\": \\\"Required\\\"\n  },\n  {\n    \\\"code\\\": \\\"invalid_type\\\",\n    \\\"expected\\\": \\\"number\\\",\n    \\\"received\\\": \\\"undefined\\\",\n    \\\"path\\\": [\n      \\\"montoRestante\\\"\n    ],\n    \\\"message\\\": \\\"Required\\\"\n  },\n  {\n    \\\"code\\\": \\\"invalid_type\\\",\n    \\\"expected\\\": \\\"object\\\",\n    \\\"received\\\": \\\"undefined\\\",\n    \\\"path\\\": [\n      \\\"distribucionBancos\\\"\n    ],\n    \\\"message\\\": \\\"Required\\\"\n  }\n]\"\n\n      189 |       }\n      190 |       \n    > 191 |       expect(() => CrearVentaSchema.parse(venta)).not.toThrow()\n          |                                     ^\n      192 |     })\n      193 |   })\n      194 | })\n\n      at Object.get error [as error] (node_modules/.pnpm/zod@3.25.76/node_modules/zod/v3/types.cjs:45:31)\n      at ZodEffects.parse (node_modules/.pnpm/zod@3.25.76/node_modules/zod/v3/types.cjs:120:22)\n      at __tests__/schemas/ventas.test.ts:191:37\n      at Object.<anonymous> (node_modules/.pnpm/expect@30.2.0/node_modules/expect/build/index.js:1824:9)\n      at Object.throwingMatcher [as toThrow] (node_modules/.pnpm/expect@30.2.0/node_modules/expect/build/index.js:2235:93)\n      at Object.<anonymous> (__tests__/schemas/ventas.test.ts:191:55)\n    at Object.<anonymous> (/workspaces/v0-crypto-dashboard-design/__tests__/schemas/ventas.test.ts:191:55)\n    at Promise.finally.completed (/workspaces/v0-crypto-dashboard-design/node_modules/.pnpm/jest-circus@30.2.0/node_modules/jest-circus/build/jestAdapterInit.js:1557:28)\n    at new Promise (<anonymous>)\n    at callAsyncCircusFn (/workspaces/v0-crypto-dashboard-design/node_modules/.pnpm/jest-circus@30.2.0/node_modules/jest-circus/build/jestAdapterInit.js:1497:10)\n    at _callCircusTest (/workspaces/v0-crypto-dashboard-design/node_modules/.pnpm/jest-circus@30.2.0/node_modules/jest-circus/build/jestAdapterInit.js:1007:40)\n    at _runTest (/workspaces/v0-crypto-dashboard-design/node_modules/.pnpm/jest-circus@30.2.0/node_modules/jest-circus/build/jestAdapterInit.js:947:3)\n    at /workspaces/v0-crypto-dashboard-design/node_modules/.pnpm/jest-circus@30.2.0/node_modules/jest-circus/build/jestAdapterInit.js:849:7\n    at _runTestsForDescribeBlock (/workspaces/v0-crypto-dashboard-design/node_modules/.pnpm/jest-circus@30.2.0/node_modules/jest-circus/build/jestAdapterInit.js:862:11)\n    at _runTestsForDescribeBlock (/workspaces/v0-crypto-dashboard-design/node_modules/.pnpm/jest-circus@30.2.0/node_modules/jest-circus/build/jestAdapterInit.js:857:11)\n    at _runTestsForDescribeBlock (/workspaces/v0-crypto-dashboard-design/node_modules/.pnpm/jest-circus@30.2.0/node_modules/jest-circus/build/jestAdapterInit.js:857:11)\n    at run (/workspaces/v0-crypto-dashboard-design/node_modules/.pnpm/jest-circus@30.2.0/node_modules/jest-circus/build/jestAdapterInit.js:761:3)\n    at runAndTransformResultsToJestFormat (/workspaces/v0-crypto-dashboard-design/node_modules/.pnpm/jest-circus@30.2.0/node_modules/jest-circus/build/jestAdapterInit.js:1918:21)\n    at jestAdapter (/workspaces/v0-crypto-dashboard-design/node_modules/.pnpm/jest-circus@30.2.0/node_modules/jest-circus/build/runner.js:101:19)\n    at runTestInternal (/workspaces/v0-crypto-dashboard-design/node_modules/.pnpm/jest-runner@30.2.0/node_modules/jest-runner/build/index.js:275:16)\n    at runTest (/workspaces/v0-crypto-dashboard-design/node_modules/.pnpm/jest-runner@30.2.0/node_modules/jest-runner/build/index.js:343:7)"],"fullName":"Ventas Schema - Validaciones CrearVentaSchema ✅ debe parsear venta completa","invocations":1,"location":null,"numPassingAsserts":0,"retryReasons":[],"startAt":1764456359176,"status":"failed","title":"✅ debe parsear venta completa"}],"endTime":1764456359192,"message":"  ● Ventas Schema - Validaciones › validarVenta › ✅ debe validar venta válida completa\n\n    expect(received).toBe(expected) // Object.is equality\n\n    Expected: true\n    Received: false\n\n      33 |       const result = validarVenta(ventaValida)\n      34 |       \n    > 35 |       expect(result.success).toBe(true)\n         |                              ^\n      36 |       if (result.success) {\n      37 |         expect(result.data.cantidad).toBe(10)\n      38 |         expect(result.data.estadoPago).toBe('completo')\n\n      at Object.<anonymous> (__tests__/schemas/ventas.test.ts:35:30)\n\n  ● Ventas Schema - Validaciones › validarVenta › ✅ debe validar estado pendiente\n\n    expect(received).toBe(expected) // Object.is equality\n\n    Expected: true\n    Received: false\n\n      101 |       const result = validarVenta(venta)\n      102 |       \n    > 103 |       expect(result.success).toBe(true)\n          |                              ^\n      104 |     })\n      105 |     \n      106 |     it('✅ debe validar estado parcial', () => {\n\n      at Object.<anonymous> (__tests__/schemas/ventas.test.ts:103:30)\n\n  ● Ventas Schema - Validaciones › validarVenta › ✅ debe validar estado parcial\n\n    expect(received).toBe(expected) // Object.is equality\n\n    Expected: true\n    Received: false\n\n      118 |       const result = validarVenta(venta)\n      119 |       \n    > 120 |       expect(result.success).toBe(true)\n          |                              ^\n      121 |     })\n      122 |     \n      123 |     it('❌ debe rechazar precios negativos', () => {\n\n      at Object.<anonymous> (__tests__/schemas/ventas.test.ts:120:30)\n\n  ● Ventas Schema - Validaciones › validarActualizacionVenta › ✅ debe validar actualización de estadoPago\n\n    TypeError: (0 , ventas_schema_1.validarActualizacionVenta) is not a function\n\n      145 |       }\n      146 |       \n    > 147 |       const result = validarActualizacionVenta(actualizacion)\n          |                                               ^\n      148 |       \n      149 |       expect(result.success).toBe(true)\n      150 |     })\n\n      at Object.<anonymous> (__tests__/schemas/ventas.test.ts:147:47)\n\n  ● Ventas Schema - Validaciones › validarActualizacionVenta › ✅ debe validar actualización de montoPagado\n\n    TypeError: (0 , ventas_schema_1.validarActualizacionVenta) is not a function\n\n      155 |       }\n      156 |       \n    > 157 |       const result = validarActualizacionVenta(actualizacion)\n          |                                               ^\n      158 |       \n      159 |       expect(result.success).toBe(true)\n      160 |     })\n\n      at Object.<anonymous> (__tests__/schemas/ventas.test.ts:157:47)\n\n  ● Ventas Schema - Validaciones › validarActualizacionVenta › ❌ debe rechazar montoPagado negativo\n\n    TypeError: (0 , ventas_schema_1.validarActualizacionVenta) is not a function\n\n      165 |       }\n      166 |       \n    > 167 |       const result = validarActualizacionVenta(actualizacion)\n          |                                               ^\n      168 |       \n      169 |       expect(result.success).toBe(false)\n      170 |     })\n\n      at Object.<anonymous> (__tests__/schemas/ventas.test.ts:167:47)\n\n  ● Ventas Schema - Validaciones › CrearVentaSchema › ✅ debe parsear venta completa\n\n    expect(received).not.toThrow()\n\n    Error name:    \"ZodError\"\n    Error message: \"[\n      {\n        \\\"code\\\": \\\"invalid_type\\\",\n        \\\"expected\\\": \\\"string\\\",\n        \\\"received\\\": \\\"undefined\\\",\n        \\\"path\\\": [\n          \\\"cliente\\\"\n        ],\n        \\\"message\\\": \\\"Required\\\"\n      },\n      {\n        \\\"code\\\": \\\"invalid_type\\\",\n        \\\"expected\\\": \\\"string\\\",\n        \\\"received\\\": \\\"undefined\\\",\n        \\\"path\\\": [\n          \\\"producto\\\"\n        ],\n        \\\"message\\\": \\\"Required\\\"\n      },\n      {\n        \\\"code\\\": \\\"invalid_type\\\",\n        \\\"expected\\\": \\\"number\\\",\n        \\\"received\\\": \\\"undefined\\\",\n        \\\"path\\\": [\n          \\\"precioTotalVenta\\\"\n        ],\n        \\\"message\\\": \\\"Required\\\"\n      },\n      {\n        \\\"code\\\": \\\"invalid_type\\\",\n        \\\"expected\\\": \\\"number\\\",\n        \\\"received\\\": \\\"undefined\\\",\n        \\\"path\\\": [\n          \\\"montoPagado\\\"\n        ],\n        \\\"message\\\": \\\"Required\\\"\n      },\n      {\n        \\\"code\\\": \\\"invalid_type\\\",\n        \\\"expected\\\": \\\"number\\\",\n        \\\"received\\\": \\\"undefined\\\",\n        \\\"path\\\": [\n          \\\"montoRestante\\\"\n        ],\n        \\\"message\\\": \\\"Required\\\"\n      },\n      {\n        \\\"code\\\": \\\"invalid_type\\\",\n        \\\"expected\\\": \\\"object\\\",\n        \\\"received\\\": \\\"undefined\\\",\n        \\\"path\\\": [\n          \\\"distribucionBancos\\\"\n        ],\n        \\\"message\\\": \\\"Required\\\"\n      }\n    ]\"\n\n          189 |       }\n          190 |       \n        > 191 |       expect(() => CrearVentaSchema.parse(venta)).not.toThrow()\n              |                                     ^\n          192 |     })\n          193 |   })\n          194 | })\n\n      at Object.get error [as error] (node_modules/.pnpm/zod@3.25.76/node_modules/zod/v3/types.cjs:45:31)\n      at ZodEffects.parse (node_modules/.pnpm/zod@3.25.76/node_modules/zod/v3/types.cjs:120:22)\n      at __tests__/schemas/ventas.test.ts:191:37\n      at Object.<anonymous> (node_modules/.pnpm/expect@30.2.0/node_modules/expect/build/index.js:1824:9)\n      at Object.throwingMatcher [as toThrow] (node_modules/.pnpm/expect@30.2.0/node_modules/expect/build/index.js:2235:93)\n      at Object.<anonymous> (__tests__/schemas/ventas.test.ts:191:55)\n      at Object.<anonymous> (__tests__/schemas/ventas.test.ts:191:55)\n","name":"/workspaces/v0-crypto-dashboard-design/__tests__/schemas/ventas.test.ts","startTime":1764456359102,"status":"failed","summary":""},{"assertionResults":[{"ancestorTitles":["Órdenes de Compra Schema - Validaciones","validarOrdenCompra"],"duration":1,"failing":false,"failureDetails":[{"matcherResult":{"actual":false,"expected":true,"message":"expect(received).toBe(expected) // Object.is equality\n\nExpected: true\nReceived: false","name":"toBe","pass":false}}],"failureMessages":["Error: expect(received).toBe(expected) // Object.is equality\n\nExpected: true\nReceived: false\n    at Object.<anonymous> (/workspaces/v0-crypto-dashboard-design/__tests__/schemas/ordenes-compra.test.ts:30:30)\n    at Promise.finally.completed (/workspaces/v0-crypto-dashboard-design/node_modules/.pnpm/jest-circus@30.2.0/node_modules/jest-circus/build/jestAdapterInit.js:1557:28)\n    at new Promise (<anonymous>)\n    at callAsyncCircusFn (/workspaces/v0-crypto-dashboard-design/node_modules/.pnpm/jest-circus@30.2.0/node_modules/jest-circus/build/jestAdapterInit.js:1497:10)\n    at _callCircusTest (/workspaces/v0-crypto-dashboard-design/node_modules/.pnpm/jest-circus@30.2.0/node_modules/jest-circus/build/jestAdapterInit.js:1007:40)\n    at _runTest (/workspaces/v0-crypto-dashboard-design/node_modules/.pnpm/jest-circus@30.2.0/node_modules/jest-circus/build/jestAdapterInit.js:947:3)\n    at /workspaces/v0-crypto-dashboard-design/node_modules/.pnpm/jest-circus@30.2.0/node_modules/jest-circus/build/jestAdapterInit.js:849:7\n    at _runTestsForDescribeBlock (/workspaces/v0-crypto-dashboard-design/node_modules/.pnpm/jest-circus@30.2.0/node_modules/jest-circus/build/jestAdapterInit.js:862:11)\n    at _runTestsForDescribeBlock (/workspaces/v0-crypto-dashboard-design/node_modules/.pnpm/jest-circus@30.2.0/node_modules/jest-circus/build/jestAdapterInit.js:857:11)\n    at _runTestsForDescribeBlock (/workspaces/v0-crypto-dashboard-design/node_modules/.pnpm/jest-circus@30.2.0/node_modules/jest-circus/build/jestAdapterInit.js:857:11)\n    at run (/workspaces/v0-crypto-dashboard-design/node_modules/.pnpm/jest-circus@30.2.0/node_modules/jest-circus/build/jestAdapterInit.js:761:3)\n    at runAndTransformResultsToJestFormat (/workspaces/v0-crypto-dashboard-design/node_modules/.pnpm/jest-circus@30.2.0/node_modules/jest-circus/build/jestAdapterInit.js:1918:21)\n    at jestAdapter (/workspaces/v0-crypto-dashboard-design/node_modules/.pnpm/jest-circus@30.2.0/node_modules/jest-circus/build/runner.js:101:19)\n    at runTestInternal (/workspaces/v0-crypto-dashboard-design/node_modules/.pnpm/jest-runner@30.2.0/node_modules/jest-runner/build/index.js:275:16)\n    at runTest (/workspaces/v0-crypto-dashboard-design/node_modules/.pnpm/jest-runner@30.2.0/node_modules/jest-runner/build/index.js:343:7)"],"fullName":"Órdenes de Compra Schema - Validaciones validarOrdenCompra ✅ debe validar orden de compra válida con fórmulas correctas","invocations":1,"location":null,"numPassingAsserts":0,"retryReasons":[],"startAt":1764456359262,"status":"failed","title":"✅ debe validar orden de compra válida con fórmulas correctas"},{"ancestorTitles":["Órdenes de Compra Schema - Validaciones","validarOrdenCompra"],"duration":0,"failing":false,"failureDetails":[{}],"failureMessages":["TypeError: Cannot read properties of undefined (reading 'issues')\n    at Object.<anonymous> (/workspaces/v0-crypto-dashboard-design/__tests__/schemas/ordenes-compra.test.ts:53:29)\n    at Promise.finally.completed (/workspaces/v0-crypto-dashboard-design/node_modules/.pnpm/jest-circus@30.2.0/node_modules/jest-circus/build/jestAdapterInit.js:1557:28)\n    at new Promise (<anonymous>)\n    at callAsyncCircusFn (/workspaces/v0-crypto-dashboard-design/node_modules/.pnpm/jest-circus@30.2.0/node_modules/jest-circus/build/jestAdapterInit.js:1497:10)\n    at _callCircusTest (/workspaces/v0-crypto-dashboard-design/node_modules/.pnpm/jest-circus@30.2.0/node_modules/jest-circus/build/jestAdapterInit.js:1007:40)\n    at _runTest (/workspaces/v0-crypto-dashboard-design/node_modules/.pnpm/jest-circus@30.2.0/node_modules/jest-circus/build/jestAdapterInit.js:947:3)\n    at /workspaces/v0-crypto-dashboard-design/node_modules/.pnpm/jest-circus@30.2.0/node_modules/jest-circus/build/jestAdapterInit.js:849:7\n    at _runTestsForDescribeBlock (/workspaces/v0-crypto-dashboard-design/node_modules/.pnpm/jest-circus@30.2.0/node_modules/jest-circus/build/jestAdapterInit.js:862:11)\n    at _runTestsForDescribeBlock (/workspaces/v0-crypto-dashboard-design/node_modules/.pnpm/jest-circus@30.2.0/node_modules/jest-circus/build/jestAdapterInit.js:857:11)\n    at _runTestsForDescribeBlock (/workspaces/v0-crypto-dashboard-design/node_modules/.pnpm/jest-circus@30.2.0/node_modules/jest-circus/build/jestAdapterInit.js:857:11)\n    at run (/workspaces/v0-crypto-dashboard-design/node_modules/.pnpm/jest-circus@30.2.0/node_modules/jest-circus/build/jestAdapterInit.js:761:3)\n    at runAndTransformResultsToJestFormat (/workspaces/v0-crypto-dashboard-design/node_modules/.pnpm/jest-circus@30.2.0/node_modules/jest-circus/build/jestAdapterInit.js:1918:21)\n    at jestAdapter (/workspaces/v0-crypto-dashboard-design/node_modules/.pnpm/jest-circus@30.2.0/node_modules/jest-circus/build/runner.js:101:19)\n    at runTestInternal (/workspaces/v0-crypto-dashboard-design/node_modules/.pnpm/jest-runner@30.2.0/node_modules/jest-runner/build/index.js:275:16)\n    at runTest (/workspaces/v0-crypto-dashboard-design/node_modules/.pnpm/jest-runner@30.2.0/node_modules/jest-runner/build/index.js:343:7)"],"fullName":"Órdenes de Compra Schema - Validaciones validarOrdenCompra ❌ debe rechazar costoPorUnidad incorrecto","invocations":1,"location":null,"numPassingAsserts":1,"retryReasons":[],"startAt":1764456359267,"status":"failed","title":"❌ debe rechazar costoPorUnidad incorrecto"},{"ancestorTitles":["Órdenes de Compra Schema - Validaciones","validarOrdenCompra"],"duration":0,"failing":false,"failureDetails":[],"failureMessages":[],"fullName":"Órdenes de Compra Schema - Validaciones validarOrdenCompra ❌ debe rechazar costoTotal incorrecto","invocations":1,"location":null,"numPassingAsserts":1,"retryReasons":[],"startAt":1764456359268,"status":"passed","title":"❌ debe rechazar costoTotal incorrecto"},{"ancestorTitles":["Órdenes de Compra Schema - Validaciones","validarOrdenCompra"],"duration":1,"failing":false,"failureDetails":[],"failureMessages":[],"fullName":"Órdenes de Compra Schema - Validaciones validarOrdenCompra ❌ debe rechazar cantidad = 0","invocations":1,"location":null,"numPassingAsserts":1,"retryReasons":[],"startAt":1764456359268,"status":"passed","title":"❌ debe rechazar cantidad = 0"},{"ancestorTitles":["Órdenes de Compra Schema - Validaciones","validarOrdenCompra"],"duration":1,"failing":false,"failureDetails":[],"failureMessages":[],"fullName":"Órdenes de Compra Schema - Validaciones validarOrdenCompra ❌ debe rechazar costos negativos","invocations":1,"location":null,"numPassingAsserts":1,"retryReasons":[],"startAt":1764456359269,"status":"passed","title":"❌ debe rechazar costos negativos"},{"ancestorTitles":["Órdenes de Compra Schema - Validaciones","validarOrdenCompra"],"duration":1,"failing":false,"failureDetails":[{"matcherResult":{"actual":false,"expected":true,"message":"expect(received).toBe(expected) // Object.is equality\n\nExpected: true\nReceived: false","name":"toBe","pass":false}}],"failureMessages":["Error: expect(received).toBe(expected) // Object.is equality\n\nExpected: true\nReceived: false\n    at Object.<anonymous> (/workspaces/v0-crypto-dashboard-design/__tests__/schemas/ordenes-compra.test.ts:124:30)\n    at Promise.finally.completed (/workspaces/v0-crypto-dashboard-design/node_modules/.pnpm/jest-circus@30.2.0/node_modules/jest-circus/build/jestAdapterInit.js:1557:28)\n    at new Promise (<anonymous>)\n    at callAsyncCircusFn (/workspaces/v0-crypto-dashboard-design/node_modules/.pnpm/jest-circus@30.2.0/node_modules/jest-circus/build/jestAdapterInit.js:1497:10)\n    at _callCircusTest (/workspaces/v0-crypto-dashboard-design/node_modules/.pnpm/jest-circus@30.2.0/node_modules/jest-circus/build/jestAdapterInit.js:1007:40)\n    at _runTest (/workspaces/v0-crypto-dashboard-design/node_modules/.pnpm/jest-circus@30.2.0/node_modules/jest-circus/build/jestAdapterInit.js:947:3)\n    at /workspaces/v0-crypto-dashboard-design/node_modules/.pnpm/jest-circus@30.2.0/node_modules/jest-circus/build/jestAdapterInit.js:849:7\n    at _runTestsForDescribeBlock (/workspaces/v0-crypto-dashboard-design/node_modules/.pnpm/jest-circus@30.2.0/node_modules/jest-circus/build/jestAdapterInit.js:862:11)\n    at _runTestsForDescribeBlock (/workspaces/v0-crypto-dashboard-design/node_modules/.pnpm/jest-circus@30.2.0/node_modules/jest-circus/build/jestAdapterInit.js:857:11)\n    at _runTestsForDescribeBlock (/workspaces/v0-crypto-dashboard-design/node_modules/.pnpm/jest-circus@30.2.0/node_modules/jest-circus/build/jestAdapterInit.js:857:11)\n    at run (/workspaces/v0-crypto-dashboard-design/node_modules/.pnpm/jest-circus@30.2.0/node_modules/jest-circus/build/jestAdapterInit.js:761:3)\n    at runAndTransformResultsToJestFormat (/workspaces/v0-crypto-dashboard-design/node_modules/.pnpm/jest-circus@30.2.0/node_modules/jest-circus/build/jestAdapterInit.js:1918:21)\n    at jestAdapter (/workspaces/v0-crypto-dashboard-design/node_modules/.pnpm/jest-circus@30.2.0/node_modules/jest-circus/build/runner.js:101:19)\n    at runTestInternal (/workspaces/v0-crypto-dashboard-design/node_modules/.pnpm/jest-runner@30.2.0/node_modules/jest-runner/build/index.js:275:16)\n    at runTest (/workspaces/v0-crypto-dashboard-design/node_modules/.pnpm/jest-runner@30.2.0/node_modules/jest-runner/build/index.js:343:7)"],"fullName":"Órdenes de Compra Schema - Validaciones validarOrdenCompra ✅ debe validar con deuda y pagoInicial correctos","invocations":1,"location":null,"numPassingAsserts":0,"retryReasons":[],"startAt":1764456359270,"status":"failed","title":"✅ debe validar con deuda y pagoInicial correctos"},{"ancestorTitles":["Órdenes de Compra Schema - Validaciones","validarOrdenCompra"],"duration":1,"failing":false,"failureDetails":[],"failureMessages":[],"fullName":"Órdenes de Compra Schema - Validaciones validarOrdenCompra ❌ debe rechazar si pagoInicial + deuda ≠ costoTotal","invocations":1,"location":null,"numPassingAsserts":1,"retryReasons":[],"startAt":1764456359271,"status":"passed","title":"❌ debe rechazar si pagoInicial + deuda ≠ costoTotal"},{"ancestorTitles":["Órdenes de Compra Schema - Validaciones","validarOrdenCompra"],"duration":1,"failing":false,"failureDetails":[{"matcherResult":{"actual":false,"expected":true,"message":"expect(received).toBe(expected) // Object.is equality\n\nExpected: true\nReceived: false","name":"toBe","pass":false}}],"failureMessages":["Error: expect(received).toBe(expected) // Object.is equality\n\nExpected: true\nReceived: false\n    at Object.<anonymous> (/workspaces/v0-crypto-dashboard-design/__tests__/schemas/ordenes-compra.test.ts:160:30)\n    at Promise.finally.completed (/workspaces/v0-crypto-dashboard-design/node_modules/.pnpm/jest-circus@30.2.0/node_modules/jest-circus/build/jestAdapterInit.js:1557:28)\n    at new Promise (<anonymous>)\n    at callAsyncCircusFn (/workspaces/v0-crypto-dashboard-design/node_modules/.pnpm/jest-circus@30.2.0/node_modules/jest-circus/build/jestAdapterInit.js:1497:10)\n    at _callCircusTest (/workspaces/v0-crypto-dashboard-design/node_modules/.pnpm/jest-circus@30.2.0/node_modules/jest-circus/build/jestAdapterInit.js:1007:40)\n    at _runTest (/workspaces/v0-crypto-dashboard-design/node_modules/.pnpm/jest-circus@30.2.0/node_modules/jest-circus/build/jestAdapterInit.js:947:3)\n    at /workspaces/v0-crypto-dashboard-design/node_modules/.pnpm/jest-circus@30.2.0/node_modules/jest-circus/build/jestAdapterInit.js:849:7\n    at _runTestsForDescribeBlock (/workspaces/v0-crypto-dashboard-design/node_modules/.pnpm/jest-circus@30.2.0/node_modules/jest-circus/build/jestAdapterInit.js:862:11)\n    at _runTestsForDescribeBlock (/workspaces/v0-crypto-dashboard-design/node_modules/.pnpm/jest-circus@30.2.0/node_modules/jest-circus/build/jestAdapterInit.js:857:11)\n    at _runTestsForDescribeBlock (/workspaces/v0-crypto-dashboard-design/node_modules/.pnpm/jest-circus@30.2.0/node_modules/jest-circus/build/jestAdapterInit.js:857:11)\n    at run (/workspaces/v0-crypto-dashboard-design/node_modules/.pnpm/jest-circus@30.2.0/node_modules/jest-circus/build/jestAdapterInit.js:761:3)\n    at runAndTransformResultsToJestFormat (/workspaces/v0-crypto-dashboard-design/node_modules/.pnpm/jest-circus@30.2.0/node_modules/jest-circus/build/jestAdapterInit.js:1918:21)\n    at jestAdapter (/workspaces/v0-crypto-dashboard-design/node_modules/.pnpm/jest-circus@30.2.0/node_modules/jest-circus/build/runner.js:101:19)\n    at runTestInternal (/workspaces/v0-crypto-dashboard-design/node_modules/.pnpm/jest-runner@30.2.0/node_modules/jest-runner/build/index.js:275:16)\n    at runTest (/workspaces/v0-crypto-dashboard-design/node_modules/.pnpm/jest-runner@30.2.0/node_modules/jest-runner/build/index.js:343:7)"],"fullName":"Órdenes de Compra Schema - Validaciones validarOrdenCompra ✅ debe validar orden pendiente sin pagos","invocations":1,"location":null,"numPassingAsserts":0,"retryReasons":[],"startAt":1764456359272,"status":"failed","title":"✅ debe validar orden pendiente sin pagos"},{"ancestorTitles":["Órdenes de Compra Schema - Validaciones","validarActualizacionOrdenCompra"],"duration":0,"failing":false,"failureDetails":[{}],"failureMessages":["TypeError: (0 , ordenes_compra_schema_1.validarActualizacionOrdenCompra) is not a function\n    at Object.<anonymous> (/workspaces/v0-crypto-dashboard-design/__tests__/schemas/ordenes-compra.test.ts:171:53)\n    at Promise.finally.completed (/workspaces/v0-crypto-dashboard-design/node_modules/.pnpm/jest-circus@30.2.0/node_modules/jest-circus/build/jestAdapterInit.js:1557:28)\n    at new Promise (<anonymous>)\n    at callAsyncCircusFn (/workspaces/v0-crypto-dashboard-design/node_modules/.pnpm/jest-circus@30.2.0/node_modules/jest-circus/build/jestAdapterInit.js:1497:10)\n    at _callCircusTest (/workspaces/v0-crypto-dashboard-design/node_modules/.pnpm/jest-circus@30.2.0/node_modules/jest-circus/build/jestAdapterInit.js:1007:40)\n    at _runTest (/workspaces/v0-crypto-dashboard-design/node_modules/.pnpm/jest-circus@30.2.0/node_modules/jest-circus/build/jestAdapterInit.js:947:3)\n    at /workspaces/v0-crypto-dashboard-design/node_modules/.pnpm/jest-circus@30.2.0/node_modules/jest-circus/build/jestAdapterInit.js:849:7\n    at _runTestsForDescribeBlock (/workspaces/v0-crypto-dashboard-design/node_modules/.pnpm/jest-circus@30.2.0/node_modules/jest-circus/build/jestAdapterInit.js:862:11)\n    at _runTestsForDescribeBlock (/workspaces/v0-crypto-dashboard-design/node_modules/.pnpm/jest-circus@30.2.0/node_modules/jest-circus/build/jestAdapterInit.js:857:11)\n    at _runTestsForDescribeBlock (/workspaces/v0-crypto-dashboard-design/node_modules/.pnpm/jest-circus@30.2.0/node_modules/jest-circus/build/jestAdapterInit.js:857:11)\n    at run (/workspaces/v0-crypto-dashboard-design/node_modules/.pnpm/jest-circus@30.2.0/node_modules/jest-circus/build/jestAdapterInit.js:761:3)\n    at runAndTransformResultsToJestFormat (/workspaces/v0-crypto-dashboard-design/node_modules/.pnpm/jest-circus@30.2.0/node_modules/jest-circus/build/jestAdapterInit.js:1918:21)\n    at jestAdapter (/workspaces/v0-crypto-dashboard-design/node_modules/.pnpm/jest-circus@30.2.0/node_modules/jest-circus/build/runner.js:101:19)\n    at runTestInternal (/workspaces/v0-crypto-dashboard-design/node_modules/.pnpm/jest-runner@30.2.0/node_modules/jest-runner/build/index.js:275:16)\n    at runTest (/workspaces/v0-crypto-dashboard-design/node_modules/.pnpm/jest-runner@30.2.0/node_modules/jest-runner/build/index.js:343:7)"],"fullName":"Órdenes de Compra Schema - Validaciones validarActualizacionOrdenCompra ✅ debe validar actualización de estadoPago","invocations":1,"location":null,"numPassingAsserts":0,"retryReasons":[],"startAt":1764456359273,"status":"failed","title":"✅ debe validar actualización de estadoPago"},{"ancestorTitles":["Órdenes de Compra Schema - Validaciones","validarActualizacionOrdenCompra"],"duration":0,"failing":false,"failureDetails":[{}],"failureMessages":["TypeError: (0 , ordenes_compra_schema_1.validarActualizacionOrdenCompra) is not a function\n    at Object.<anonymous> (/workspaces/v0-crypto-dashboard-design/__tests__/schemas/ordenes-compra.test.ts:181:53)\n    at Promise.finally.completed (/workspaces/v0-crypto-dashboard-design/node_modules/.pnpm/jest-circus@30.2.0/node_modules/jest-circus/build/jestAdapterInit.js:1557:28)\n    at new Promise (<anonymous>)\n    at callAsyncCircusFn (/workspaces/v0-crypto-dashboard-design/node_modules/.pnpm/jest-circus@30.2.0/node_modules/jest-circus/build/jestAdapterInit.js:1497:10)\n    at _callCircusTest (/workspaces/v0-crypto-dashboard-design/node_modules/.pnpm/jest-circus@30.2.0/node_modules/jest-circus/build/jestAdapterInit.js:1007:40)\n    at _runTest (/workspaces/v0-crypto-dashboard-design/node_modules/.pnpm/jest-circus@30.2.0/node_modules/jest-circus/build/jestAdapterInit.js:947:3)\n    at /workspaces/v0-crypto-dashboard-design/node_modules/.pnpm/jest-circus@30.2.0/node_modules/jest-circus/build/jestAdapterInit.js:849:7\n    at _runTestsForDescribeBlock (/workspaces/v0-crypto-dashboard-design/node_modules/.pnpm/jest-circus@30.2.0/node_modules/jest-circus/build/jestAdapterInit.js:862:11)\n    at _runTestsForDescribeBlock (/workspaces/v0-crypto-dashboard-design/node_modules/.pnpm/jest-circus@30.2.0/node_modules/jest-circus/build/jestAdapterInit.js:857:11)\n    at _runTestsForDescribeBlock (/workspaces/v0-crypto-dashboard-design/node_modules/.pnpm/jest-circus@30.2.0/node_modules/jest-circus/build/jestAdapterInit.js:857:11)\n    at run (/workspaces/v0-crypto-dashboard-design/node_modules/.pnpm/jest-circus@30.2.0/node_modules/jest-circus/build/jestAdapterInit.js:761:3)\n    at runAndTransformResultsToJestFormat (/workspaces/v0-crypto-dashboard-design/node_modules/.pnpm/jest-circus@30.2.0/node_modules/jest-circus/build/jestAdapterInit.js:1918:21)\n    at jestAdapter (/workspaces/v0-crypto-dashboard-design/node_modules/.pnpm/jest-circus@30.2.0/node_modules/jest-circus/build/runner.js:101:19)\n    at runTestInternal (/workspaces/v0-crypto-dashboard-design/node_modules/.pnpm/jest-runner@30.2.0/node_modules/jest-runner/build/index.js:275:16)\n    at runTest (/workspaces/v0-crypto-dashboard-design/node_modules/.pnpm/jest-runner@30.2.0/node_modules/jest-runner/build/index.js:343:7)"],"fullName":"Órdenes de Compra Schema - Validaciones validarActualizacionOrdenCompra ✅ debe validar actualización de deuda","invocations":1,"location":null,"numPassingAsserts":0,"retryReasons":[],"startAt":1764456359274,"status":"failed","title":"✅ debe validar actualización de deuda"},{"ancestorTitles":["Órdenes de Compra Schema - Validaciones","validarActualizacionOrdenCompra"],"duration":0,"failing":false,"failureDetails":[{}],"failureMessages":["TypeError: (0 , ordenes_compra_schema_1.validarActualizacionOrdenCompra) is not a function\n    at Object.<anonymous> (/workspaces/v0-crypto-dashboard-design/__tests__/schemas/ordenes-compra.test.ts:191:53)\n    at Promise.finally.completed (/workspaces/v0-crypto-dashboard-design/node_modules/.pnpm/jest-circus@30.2.0/node_modules/jest-circus/build/jestAdapterInit.js:1557:28)\n    at new Promise (<anonymous>)\n    at callAsyncCircusFn (/workspaces/v0-crypto-dashboard-design/node_modules/.pnpm/jest-circus@30.2.0/node_modules/jest-circus/build/jestAdapterInit.js:1497:10)\n    at _callCircusTest (/workspaces/v0-crypto-dashboard-design/node_modules/.pnpm/jest-circus@30.2.0/node_modules/jest-circus/build/jestAdapterInit.js:1007:40)\n    at _runTest (/workspaces/v0-crypto-dashboard-design/node_modules/.pnpm/jest-circus@30.2.0/node_modules/jest-circus/build/jestAdapterInit.js:947:3)\n    at /workspaces/v0-crypto-dashboard-design/node_modules/.pnpm/jest-circus@30.2.0/node_modules/jest-circus/build/jestAdapterInit.js:849:7\n    at _runTestsForDescribeBlock (/workspaces/v0-crypto-dashboard-design/node_modules/.pnpm/jest-circus@30.2.0/node_modules/jest-circus/build/jestAdapterInit.js:862:11)\n    at _runTestsForDescribeBlock (/workspaces/v0-crypto-dashboard-design/node_modules/.pnpm/jest-circus@30.2.0/node_modules/jest-circus/build/jestAdapterInit.js:857:11)\n    at _runTestsForDescribeBlock (/workspaces/v0-crypto-dashboard-design/node_modules/.pnpm/jest-circus@30.2.0/node_modules/jest-circus/build/jestAdapterInit.js:857:11)\n    at run (/workspaces/v0-crypto-dashboard-design/node_modules/.pnpm/jest-circus@30.2.0/node_modules/jest-circus/build/jestAdapterInit.js:761:3)\n    at runAndTransformResultsToJestFormat (/workspaces/v0-crypto-dashboard-design/node_modules/.pnpm/jest-circus@30.2.0/node_modules/jest-circus/build/jestAdapterInit.js:1918:21)\n    at jestAdapter (/workspaces/v0-crypto-dashboard-design/node_modules/.pnpm/jest-circus@30.2.0/node_modules/jest-circus/build/runner.js:101:19)\n    at runTestInternal (/workspaces/v0-crypto-dashboard-design/node_modules/.pnpm/jest-runner@30.2.0/node_modules/jest-runner/build/index.js:275:16)\n    at runTest (/workspaces/v0-crypto-dashboard-design/node_modules/.pnpm/jest-runner@30.2.0/node_modules/jest-runner/build/index.js:343:7)"],"fullName":"Órdenes de Compra Schema - Validaciones validarActualizacionOrdenCompra ❌ debe rechazar deuda negativa","invocations":1,"location":null,"numPassingAsserts":0,"retryReasons":[],"startAt":1764456359274,"status":"failed","title":"❌ debe rechazar deuda negativa"}],"endTime":1764456359280,"message":"  ● Órdenes de Compra Schema - Validaciones › validarOrdenCompra › ✅ debe validar orden de compra válida con fórmulas correctas\n\n    expect(received).toBe(expected) // Object.is equality\n\n    Expected: true\n    Received: false\n\n      28 |       const result = validarOrdenCompra(ordenValida)\n      29 |       \n    > 30 |       expect(result.success).toBe(true)\n         |                              ^\n      31 |       if (result.success) {\n      32 |         expect(result.data.costoPorUnidad).toBe(6800)\n      33 |         expect(result.data.costoTotal).toBe(680000)\n\n      at Object.<anonymous> (__tests__/schemas/ordenes-compra.test.ts:30:30)\n\n  ● Órdenes de Compra Schema - Validaciones › validarOrdenCompra › ❌ debe rechazar costoPorUnidad incorrecto\n\n    TypeError: Cannot read properties of undefined (reading 'issues')\n\n      51 |       expect(result.success).toBe(false)\n      52 |       if (!result.success) {\n    > 53 |         expect(result.error.issues[0].message).toContain('costoPorUnidad')\n         |                             ^\n      54 |       }\n      55 |     })\n      56 |     \n\n      at Object.<anonymous> (__tests__/schemas/ordenes-compra.test.ts:53:29)\n\n  ● Órdenes de Compra Schema - Validaciones › validarOrdenCompra › ✅ debe validar con deuda y pagoInicial correctos\n\n    expect(received).toBe(expected) // Object.is equality\n\n    Expected: true\n    Received: false\n\n      122 |       const result = validarOrdenCompra(orden)\n      123 |       \n    > 124 |       expect(result.success).toBe(true)\n          |                              ^\n      125 |     })\n      126 |     \n      127 |     it('❌ debe rechazar si pagoInicial + deuda ≠ costoTotal', () => {\n\n      at Object.<anonymous> (__tests__/schemas/ordenes-compra.test.ts:124:30)\n\n  ● Órdenes de Compra Schema - Validaciones › validarOrdenCompra › ✅ debe validar orden pendiente sin pagos\n\n    expect(received).toBe(expected) // Object.is equality\n\n    Expected: true\n    Received: false\n\n      158 |       const result = validarOrdenCompra(orden)\n      159 |       \n    > 160 |       expect(result.success).toBe(true)\n          |                              ^\n      161 |     })\n      162 |   })\n      163 |   \n\n      at Object.<anonymous> (__tests__/schemas/ordenes-compra.test.ts:160:30)\n\n  ● Órdenes de Compra Schema - Validaciones › validarActualizacionOrdenCompra › ✅ debe validar actualización de estadoPago\n\n    TypeError: (0 , ordenes_compra_schema_1.validarActualizacionOrdenCompra) is not a function\n\n      169 |       }\n      170 |       \n    > 171 |       const result = validarActualizacionOrdenCompra(actualizacion)\n          |                                                     ^\n      172 |       \n      173 |       expect(result.success).toBe(true)\n      174 |     })\n\n      at Object.<anonymous> (__tests__/schemas/ordenes-compra.test.ts:171:53)\n\n  ● Órdenes de Compra Schema - Validaciones › validarActualizacionOrdenCompra › ✅ debe validar actualización de deuda\n\n    TypeError: (0 , ordenes_compra_schema_1.validarActualizacionOrdenCompra) is not a function\n\n      179 |       }\n      180 |       \n    > 181 |       const result = validarActualizacionOrdenCompra(actualizacion)\n          |                                                     ^\n      182 |       \n      183 |       expect(result.success).toBe(true)\n      184 |     })\n\n      at Object.<anonymous> (__tests__/schemas/ordenes-compra.test.ts:181:53)\n\n  ● Órdenes de Compra Schema - Validaciones › validarActualizacionOrdenCompra › ❌ debe rechazar deuda negativa\n\n    TypeError: (0 , ordenes_compra_schema_1.validarActualizacionOrdenCompra) is not a function\n\n      189 |       }\n      190 |       \n    > 191 |       const result = validarActualizacionOrdenCompra(actualizacion)\n          |                                                     ^\n      192 |       \n      193 |       expect(result.success).toBe(false)\n      194 |     })\n\n      at Object.<anonymous> (__tests__/schemas/ordenes-compra.test.ts:191:53)\n","name":"/workspaces/v0-crypto-dashboard-design/__tests__/schemas/ordenes-compra.test.ts","startTime":1764456359204,"status":"failed","summary":""},{"assertionResults":[],"coverage":{},"endTime":1764456360016,"message":"  ● Test suite failed to run\n\n    ReferenceError: fetch is not defined\n\n      16 | import { initializeApp, getApps, type FirebaseApp } from \"firebase/app\"\n      17 | import { getFirestore, type Firestore } from \"firebase/firestore\"\n    > 18 | import { getAuth, type Auth } from \"firebase/auth\"\n         | ^\n      19 | import { logger } from \"../utils/logger\"\n      20 |\n      21 | // Validar que las variables de entorno estén configuradas\n\n      at Object.<anonymous> (node_modules/.pnpm/@firebase+auth@1.10.8_@firebase+app@0.13.2/node_modules/@firebase/auth/src/platform_node/index.ts:33:26)\n      at Object.<anonymous> (node_modules/.pnpm/@firebase+auth@1.10.8_@firebase+app@0.13.2/node_modules/@firebase/auth/dist/node/index.js:5:12)\n      at Object.<anonymous> (node_modules/.pnpm/firebase@11.10.0/node_modules/firebase/auth/dist/index.cjs.js:5:12)\n      at Object.<anonymous> (app/lib/firebase/config.ts:18:1)\n      at Object.<anonymous> (app/lib/firebase/firestore-service.ts:29:1)\n      at Object.<anonymous> (app/lib/store/useAppStore.ts:3:1)\n      at Object.<anonymous> (__tests__/integration/chronos-system.test.ts:16:1)\n","name":"/workspaces/v0-crypto-dashboard-design/__tests__/integration/chronos-system.test.ts","startTime":1764456360016,"status":"failed","summary":""},{"assertionResults":[{"ancestorTitles":["Logger Utility","warn"],"duration":2,"failing":false,"failureDetails":[],"failureMessages":[],"fullName":"Logger Utility warn should log warning messages","invocations":1,"location":null,"numPassingAsserts":3,"retryReasons":[],"startAt":1764456359835,"status":"passed","title":"should log warning messages"},{"ancestorTitles":["Logger Utility","warn"],"duration":0,"failing":false,"failureDetails":[],"failureMessages":[],"fullName":"Logger Utility warn should include context in warning messages","invocations":1,"location":null,"numPassingAsserts":2,"retryReasons":[],"startAt":1764456359837,"status":"passed","title":"should include context in warning messages"},{"ancestorTitles":["Logger Utility","error"],"duration":0,"failing":false,"failureDetails":[],"failureMessages":[],"fullName":"Logger Utility error should log error messages","invocations":1,"location":null,"numPassingAsserts":3,"retryReasons":[],"startAt":1764456359838,"status":"passed","title":"should log error messages"},{"ancestorTitles":["Logger Utility","error"],"duration":1,"failing":false,"failureDetails":[],"failureMessages":[],"fullName":"Logger Utility error should include timestamp by default","invocations":1,"location":null,"numPassingAsserts":2,"retryReasons":[],"startAt":1764456359838,"status":"passed","title":"should include timestamp by default"},{"ancestorTitles":["Logger Utility","error"],"duration":3,"failing":false,"failureDetails":[],"failureMessages":[],"fullName":"Logger Utility error should handle Error objects","invocations":1,"location":null,"numPassingAsserts":1,"retryReasons":[],"startAt":1764456359839,"status":"passed","title":"should handle Error objects"}],"endTime":1764456359843,"message":"","name":"/workspaces/v0-crypto-dashboard-design/__tests__/utils/logger.test.ts","startTime":1764456359776,"status":"passed","summary":""},{"assertionResults":[],"coverage":{},"endTime":1764456360016,"message":"  ● Test suite failed to run\n\n    ReferenceError: fetch is not defined\n\n      16 | import { initializeApp, getApps, type FirebaseApp } from \"firebase/app\"\n      17 | import { getFirestore, type Firestore } from \"firebase/firestore\"\n    > 18 | import { getAuth, type Auth } from \"firebase/auth\"\n         | ^\n      19 | import { logger } from \"../utils/logger\"\n      20 |\n      21 | // Validar que las variables de entorno estén configuradas\n\n      at Object.<anonymous> (node_modules/.pnpm/@firebase+auth@1.10.8_@firebase+app@0.13.2/node_modules/@firebase/auth/src/platform_node/index.ts:33:26)\n      at Object.<anonymous> (node_modules/.pnpm/@firebase+auth@1.10.8_@firebase+app@0.13.2/node_modules/@firebase/auth/dist/node/index.js:5:12)\n      at Object.<anonymous> (node_modules/.pnpm/firebase@11.10.0/node_modules/firebase/auth/dist/index.cjs.js:5:12)\n      at Object.<anonymous> (app/lib/firebase/config.ts:18:1)\n      at Object.<anonymous> (app/lib/firebase/firestore-service.ts:29:1)\n      at Object.<anonymous> (app/lib/store/useAppStore.ts:3:1)\n      at Object.<anonymous> (__tests__/store/useAppStore.test.ts:2:1)\n","name":"/workspaces/v0-crypto-dashboard-design/__tests__/store/useAppStore.test.ts","startTime":1764456360016,"status":"failed","summary":""}],"wasInterrupted":false}
